[0.014s] Invoking command in '/home/suke/chicken_core/build/ekf_localization': CMAKE_PREFIX_PATH=${CMAKE_PREFIX_PATH}:/home/suke/ouxt_automation/robotx_ws/install/opencv_tests:/home/suke/ouxt_automation/robotx_ws/install/detic_onnx_ros2:/opt/ros/humble /usr/bin/cmake --build /home/suke/chicken_core/build/ekf_localization -- -j12 -l12
[0.069s] [35m[1mConsolidate compiler generated dependencies of target ekf_localization_component[0m
[0.091s] [ 50%] [32mBuilding CXX object CMakeFiles/ekf_localization_component.dir/src/ekf_localization_component.cpp.o[0m
[8.714s] In file included from [01m[K/home/suke/chicken_core/src/localization/ekf_localization/src/ekf_localization_component.cpp:8[m[K:
[8.714s] [01m[K/home/suke/chicken_core/src/localization/ekf_localization/include/ekf_localization/ekf_localization_component.hpp:47:15:[m[K [01;31m[Kerror: [m[Kexpected â€˜[01m[K;[m[Kâ€™ at end of member declaration
[8.714s]    47 |   std::string [01;31m[Kinitial_pose_topic_[m[K
[8.714s]       |               [01;31m[K^~~~~~~~~~~~~~~~~~~[m[K
[8.714s]       |                                  [32m[K;[m[K
[8.714s] [01m[K/home/suke/chicken_core/src/localization/ekf_localization/include/ekf_localization/ekf_localization_component.hpp:51:9:[m[K [01;31m[Kerror: [m[Kredeclaration of â€˜[01m[Kfloat ekf_localization::ExtendedKalmanFilter::var_imu_w_[m[Kâ€™
[8.714s]    51 |   float [01;31m[Kvar_imu_w_[m[K;
[8.715s]       |         [01;31m[K^~~~~~~~~~[m[K
[8.715s] [01m[K/home/suke/chicken_core/src/localization/ekf_localization/include/ekf_localization/ekf_localization_component.hpp:25:9:[m[K [01;36m[Knote: [m[Kprevious declaration â€˜[01m[Kfloat ekf_localization::ExtendedKalmanFilter::var_imu_w_[m[Kâ€™
[8.715s]    25 |   float [01;36m[Kvar_imu_w_[m[K;
[8.715s]       |         [01;36m[K^~~~~~~~~~[m[K
[8.715s] [01m[K/home/suke/chicken_core/src/localization/ekf_localization/include/ekf_localization/ekf_localization_component.hpp:52:9:[m[K [01;31m[Kerror: [m[Kredeclaration of â€˜[01m[Kfloat ekf_localization::ExtendedKalmanFilter::var_imu_acc_[m[Kâ€™
[8.715s]    52 |   float [01;31m[Kvar_imu_acc_[m[K;
[8.715s]       |         [01;31m[K^~~~~~~~~~~~[m[K
[8.715s] [01m[K/home/suke/chicken_core/src/localization/ekf_localization/include/ekf_localization/ekf_localization_component.hpp:26:9:[m[K [01;36m[Knote: [m[Kprevious declaration â€˜[01m[Kfloat ekf_localization::ExtendedKalmanFilter::var_imu_acc_[m[Kâ€™
[8.715s]    26 |   float [01;36m[Kvar_imu_acc_[m[K;
[8.715s]       |         [01;36m[K^~~~~~~~~~~~[m[K
[8.715s] [01m[K/home/suke/chicken_core/src/localization/ekf_localization/include/ekf_localization/ekf_localization_component.hpp:53:9:[m[K [01;31m[Kerror: [m[Kredeclaration of â€˜[01m[Kfloat ekf_localization::ExtendedKalmanFilter::var_odom_xyz_[m[Kâ€™
[8.715s]    53 |   float [01;31m[Kvar_odom_xyz_[m[K;
[8.715s]       |         [01;31m[K^~~~~~~~~~~~~[m[K
[8.716s] [01m[K/home/suke/chicken_core/src/localization/ekf_localization/include/ekf_localization/ekf_localization_component.hpp:27:9:[m[K [01;36m[Knote: [m[Kprevious declaration â€˜[01m[Kfloat ekf_localization::ExtendedKalmanFilter::var_odom_xyz_[m[Kâ€™
[8.716s]    27 |   float [01;36m[Kvar_odom_xyz_[m[K;
[8.716s]       |         [01;36m[K^~~~~~~~~~~~~[m[K
[8.716s] [01m[K/home/suke/chicken_core/src/localization/ekf_localization/src/ekf_localization_component.cpp:[m[K In constructor â€˜[01m[Kekf_localization::ExtendedKalmanFilter::ExtendedKalmanFilter(const rclcpp::NodeOptions&)[m[Kâ€™:
[8.716s] [01m[K/home/suke/chicken_core/src/localization/ekf_localization/src/ekf_localization_component.cpp:40:31:[m[K [01;31m[Kerror: [m[Kâ€˜[01m[Kpub_period_[m[Kâ€™ was not declared in this scope
[8.716s]    40 |   get_parameter("pub_period", [01;31m[Kpub_period_[m[K);
[8.716s]       |                               [01;31m[K^~~~~~~~~~~[m[K
[8.716s] gmake[2]: *** [CMakeFiles/ekf_localization_component.dir/build.make:76: CMakeFiles/ekf_localization_component.dir/src/ekf_localization_component.cpp.o] Error 1
[8.716s] gmake[1]: *** [CMakeFiles/Makefile2:137: CMakeFiles/ekf_localization_component.dir/all] Error 2
[8.716s] gmake: *** [Makefile:146: all] Error 2
[8.718s] Invoked command in '/home/suke/chicken_core/build/ekf_localization' returned '2': CMAKE_PREFIX_PATH=${CMAKE_PREFIX_PATH}:/home/suke/ouxt_automation/robotx_ws/install/opencv_tests:/home/suke/ouxt_automation/robotx_ws/install/detic_onnx_ros2:/opt/ros/humble /usr/bin/cmake --build /home/suke/chicken_core/build/ekf_localization -- -j12 -l12
