-- Found ament_cmake_auto: 1.3.10 (/opt/ros/humble/share/ament_cmake_auto/cmake)
-- Found rosidl_generator_c: 3.1.5 (/opt/ros/humble/share/rosidl_generator_c/cmake)
-- Found rosidl_adapter: 3.1.5 (/opt/ros/humble/share/rosidl_adapter/cmake)
-- Found rosidl_generator_cpp: 3.1.5 (/opt/ros/humble/share/rosidl_generator_cpp/cmake)
-- Using all available rosidl_typesupport_c: rosidl_typesupport_fastrtps_c;rosidl_typesupport_introspection_c
-- Using all available rosidl_typesupport_cpp: rosidl_typesupport_fastrtps_cpp;rosidl_typesupport_introspection_cpp
-- Found rmw_implementation_cmake: 6.1.2 (/opt/ros/humble/share/rmw_implementation_cmake/cmake)
-- Found rmw_cyclonedds_cpp: 1.3.4 (/opt/ros/humble/share/rmw_cyclonedds_cpp/cmake)
-- Using RMW implementation 'rmw_cyclonedds_cpp' as default
-- Found ament_lint_auto: 0.12.11 (/opt/ros/humble/share/ament_lint_auto/cmake)
-- Added test 'copyright' to check source files copyright and LICENSE
-- Added test 'cppcheck' to perform static code analysis on C / C++ code
-- Configured cppcheck include dirs: /home/suke/chicken_core/src/localization/ekf_localization/include
-- Configured cppcheck exclude dirs and/or files: 
-- Added test 'cpplint' to check C / C++ code against the Google style
-- Configured cpplint exclude dirs and/or files: 
-- Added test 'lint_cmake' to check CMake code style
-- Added test 'uncrustify' to check C / C++ code style
-- Configured uncrustify additional arguments: 
-- Added test 'xmllint' to check XML markup files
-- Configuring done
-- Generating done
-- Build files have been written to: /home/suke/chicken_core/build/ekf_localization
[35m[1mConsolidate compiler generated dependencies of target ekf_localization_component[0m
[ 50%] [32mBuilding CXX object CMakeFiles/ekf_localization_component.dir/src/ekf_localization_component.cpp.o[0m
In file included from [01m[K/home/suke/chicken_core/src/localization/ekf_localization/src/ekf_localization_component.cpp:4[m[K:
[01m[K/home/suke/chicken_core/src/localization/ekf_localization/include/ekf_localization/ekf_localization_component.hpp:33:3:[m[K [01;31m[Kerror: [m[Kâ€˜[01m[KMatrixXd[m[Kâ€™ does not name a type
   33 |   [01;31m[KMatrixXd[m[K Q = MatrixXd::Zero(3, 3);
      |   [01;31m[K^~~~~~~~[m[K
[01m[K/home/suke/chicken_core/src/localization/ekf_localization/include/ekf_localization/ekf_localization_component.hpp:34:3:[m[K [01;31m[Kerror: [m[Kâ€˜[01m[KMatrixXd[m[Kâ€™ does not name a type
   34 |   [01;31m[KMatrixXd[m[K R = MatrixXd::Zero(3, 3);
      |   [01;31m[K^~~~~~~~[m[K
[01m[K/home/suke/chicken_core/src/localization/ekf_localization/include/ekf_localization/ekf_localization_component.hpp:37:3:[m[K [01;31m[Kerror: [m[Kâ€˜[01m[KMatrixXd[m[Kâ€™ does not name a type
   37 |   [01;31m[KMatrixXd[m[K P = MatrixXd::Zero(3, 3);
      |   [01;31m[K^~~~~~~~[m[K
[01m[K/home/suke/chicken_core/src/localization/ekf_localization/include/ekf_localization/ekf_localization_component.hpp:61:41:[m[K [01;31m[Kerror: [m[Kâ€˜[01m[KPoseWithCovarianceStamped[m[Kâ€™ is not a member of â€˜[01m[Kgeometry_msgs::msg[m[Kâ€™; did you mean â€˜[01m[KTwistWithCovarianceStamped[m[Kâ€™?
   61 |   rclcpp::Publisher<geometry_msgs::msg::[01;31m[KPoseWithCovarianceStamped[m[K>::SharedPtr ekf_pose_publisher_;
      |                                         [01;31m[K^~~~~~~~~~~~~~~~~~~~~~~~~[m[K
      |                                         [32m[KTwistWithCovarianceStamped[m[K
[01m[K/home/suke/chicken_core/src/localization/ekf_localization/include/ekf_localization/ekf_localization_component.hpp:61:66:[m[K [01;31m[Kerror: [m[Ktemplate argument 1 is invalid
   61 |   rclcpp::Publisher<geometry_msgs::msg::PoseWithCovarianceStamped[01;31m[K>[m[K::SharedPtr ekf_pose_publisher_;
      |                                                                  [01;31m[K^[m[K
[01m[K/home/suke/chicken_core/src/localization/ekf_localization/include/ekf_localization/ekf_localization_component.hpp:61:69:[m[K [01;31m[Kerror: [m[Kexpected â€˜[01m[K;[m[Kâ€™ at end of member declaration
   61 |   rclcpp::Publisher<geometry_msgs::msg::PoseWithCovarianceStamped>::[01;31m[KSharedPtr[m[K ekf_pose_publisher_;
      |                                                                     [01;31m[K^~~~~~~~~[m[K
      |                                                                              [32m[K;[m[K
[01m[K/home/suke/chicken_core/src/localization/ekf_localization/include/ekf_localization/ekf_localization_component.hpp:61:79:[m[K [01;31m[Kerror: [m[Kâ€˜[01m[Kekf_pose_publisher_[m[Kâ€™ does not name a type
   61 |   rclcpp::Publisher<geometry_msgs::msg::PoseWithCovarianceStamped>::SharedPtr [01;31m[Kekf_pose_publisher_[m[K;
      |                                                                               [01;31m[K^~~~~~~~~~~~~~~~~~~[m[K
[01m[K/home/suke/chicken_core/src/localization/ekf_localization/src/ekf_localization_component.cpp:[m[K In constructor â€˜[01m[Kekf_localization::ExtendedKalmanFilter::ExtendedKalmanFilter(const rclcpp::NodeOptions&)[m[Kâ€™:
[01m[K/home/suke/chicken_core/src/localization/ekf_localization/src/ekf_localization_component.cpp:40:3:[m[K [01;31m[Kerror: [m[Kâ€˜[01m[Kekf_pose_publisher_[m[Kâ€™ was not declared in this scope
   40 |   [01;31m[Kekf_pose_publisher_[m[K = this->create_publisher<geometry_msgs::msg::PoseWithCovarianceStamped>("/estimated_pose", 10);
      |   [01;31m[K^~~~~~~~~~~~~~~~~~~[m[K
[01m[K/home/suke/chicken_core/src/localization/ekf_localization/src/ekf_localization_component.cpp:40:68:[m[K [01;31m[Kerror: [m[Kâ€˜[01m[KPoseWithCovarianceStamped[m[Kâ€™ is not a member of â€˜[01m[Kgeometry_msgs::msg[m[Kâ€™; did you mean â€˜[01m[KTwistWithCovarianceStamped[m[Kâ€™?
   40 |   ekf_pose_publisher_ = this->create_publisher<geometry_msgs::msg::[01;31m[KPoseWithCovarianceStamped[m[K>("/estimated_pose", 10);
      |                                                                    [01;31m[K^~~~~~~~~~~~~~~~~~~~~~~~~[m[K
      |                                                                    [32m[KTwistWithCovarianceStamped[m[K
[01m[K/home/suke/chicken_core/src/localization/ekf_localization/src/ekf_localization_component.cpp:40:94:[m[K [01;31m[Kerror: [m[Kno matching function for call to â€˜[01m[Kekf_localization::ExtendedKalmanFilter::create_publisher<<expression error> >(const char [16], int)[m[Kâ€™
   40 |   ekf_pose_publisher_ = [01;31m[Kthis->create_publisher<geometry_msgs::msg::PoseWithCovarianceStamped>("/estimated_pose", 10)[m[K;
      |                         [01;31m[K~~~~~~~~~~~~~~~~~~~~~~~~~~~~~~~~~~~~~~~~~~~~~~~~~~~~~~~~~~~~~~~~~~~~~^~~~~~~~~~~~~~~~~~~~~~~[m[K
In file included from [01m[K/opt/ros/humble/include/rclcpp/rclcpp/executors/single_threaded_executor.hpp:28[m[K,
                 from [01m[K/opt/ros/humble/include/rclcpp/rclcpp/executors.hpp:22[m[K,
                 from [01m[K/opt/ros/humble/include/rclcpp/rclcpp/rclcpp.hpp:155[m[K,
                 from [01m[K/home/suke/chicken_core/src/localization/ekf_localization/src/ekf_localization_component.cpp:3[m[K:
[01m[K/opt/ros/humble/include/rclcpp/rclcpp/node.hpp:195:3:[m[K [01;36m[Knote: [m[Kcandidate: â€˜[01m[Ktemplate<class MessageT, class AllocatorT, class PublisherT> std::shared_ptr<PublisherT> rclcpp::Node::create_publisher(const string&, const rclcpp::QoS&, const rclcpp::PublisherOptionsWithAllocator<AllocatorT>&)[m[Kâ€™
  195 |   [01;36m[Kcreate_publisher[m[K(
      |   [01;36m[K^~~~~~~~~~~~~~~~[m[K
[01m[K/opt/ros/humble/include/rclcpp/rclcpp/node.hpp:195:3:[m[K [01;36m[Knote: [m[K  template argument deduction/substitution failed:
[01m[K/home/suke/chicken_core/src/localization/ekf_localization/src/ekf_localization_component.cpp:40:94:[m[K [01;31m[Kerror: [m[Ktemplate argument 1 is invalid
   40 |   ekf_pose_publisher_ = [01;31m[Kthis->create_publisher<geometry_msgs::msg::PoseWithCovarianceStamped>("/estimated_pose", 10)[m[K;
      |                         [01;31m[K~~~~~~~~~~~~~~~~~~~~~~~~~~~~~~~~~~~~~~~~~~~~~~~~~~~~~~~~~~~~~~~~~~~~~^~~~~~~~~~~~~~~~~~~~~~~[m[K
[01m[K/home/suke/chicken_core/src/localization/ekf_localization/src/ekf_localization_component.cpp:52:3:[m[K [01;31m[Kerror: [m[Kâ€˜[01m[KP[m[Kâ€™ was not declared in this scope
   52 |   [01;31m[KP[m[K(0, 0) = 0;
      |   [01;31m[K^[m[K
[01m[K/home/suke/chicken_core/src/localization/ekf_localization/src/ekf_localization_component.cpp:57:3:[m[K [01;31m[Kerror: [m[Kâ€˜[01m[KQ[m[Kâ€™ was not declared in this scope
   57 |   [01;31m[KQ[m[K(0, 0) = var_odom_xyz_;  // Process noise for x
      |   [01;31m[K^[m[K
[01m[K/home/suke/chicken_core/src/localization/ekf_localization/src/ekf_localization_component.cpp:62:3:[m[K [01;31m[Kerror: [m[Kâ€˜[01m[KR[m[Kâ€™ was not declared in this scope
   62 |   [01;31m[KR[m[K(0, 0) = var_imu_w_;   // Process noise for x
      |   [01;31m[K^[m[K
[01m[K/home/suke/chicken_core/src/localization/ekf_localization/src/ekf_localization_component.cpp:[m[K In member function â€˜[01m[Kvoid ekf_localization::ExtendedKalmanFilter::predictUpdate(const Odometry&)[m[Kâ€™:
[01m[K/home/suke/chicken_core/src/localization/ekf_localization/src/ekf_localization_component.cpp:163:3:[m[K [01;31m[Kerror: [m[Kâ€˜[01m[KP[m[Kâ€™ was not declared in this scope
  163 |   [01;31m[KP[m[K = F * P * F.transpose() + Q;
      |   [01;31m[K^[m[K
[01m[K/home/suke/chicken_core/src/localization/ekf_localization/src/ekf_localization_component.cpp:163:31:[m[K [01;31m[Kerror: [m[Kâ€˜[01m[KQ[m[Kâ€™ was not declared in this scope
  163 |   P = F * P * F.transpose() + [01;31m[KQ[m[K;
      |                               [01;31m[K^[m[K
[01m[K/home/suke/chicken_core/src/localization/ekf_localization/src/ekf_localization_component.cpp:[m[K In member function â€˜[01m[Kvoid ekf_localization::ExtendedKalmanFilter::measurementUpdate(const Imu&)[m[Kâ€™:
[01m[K/home/suke/chicken_core/src/localization/ekf_localization/src/ekf_localization_component.cpp:204:20:[m[K [01;31m[Kerror: [m[Kâ€˜[01m[KP[m[Kâ€™ was not declared in this scope
  204 |   MatrixXd S = H * [01;31m[KP[m[K * H.transpose() + R;
      |                    [01;31m[K^[m[K
[01m[K/home/suke/chicken_core/src/localization/ekf_localization/src/ekf_localization_component.cpp:204:40:[m[K [01;31m[Kerror: [m[Kâ€˜[01m[KR[m[Kâ€™ was not declared in this scope
  204 |   MatrixXd S = H * P * H.transpose() + [01;31m[KR[m[K;
      |                                        [01;31m[K^[m[K
[01m[K/home/suke/chicken_core/src/localization/ekf_localization/src/ekf_localization_component.cpp:211:3:[m[K [01;31m[Kerror: [m[Kâ€˜[01m[Kpose_ekf[m[Kâ€™ was not declared in this scope
  211 |   [01;31m[Kpose_ekf[m[K.header.frame_id = map_frame_id_;
      |   [01;31m[K^~~~~~~~[m[K
[01m[K/home/suke/chicken_core/src/localization/ekf_localization/src/ekf_localization_component.cpp:211:30:[m[K [01;31m[Kerror: [m[Kâ€˜[01m[Kmap_frame_id_[m[Kâ€™ was not declared in this scope; did you mean â€˜[01m[Krobot_frame_id_[m[Kâ€™?
  211 |   pose_ekf.header.frame_id = [01;31m[Kmap_frame_id_[m[K;
      |                              [01;31m[K^~~~~~~~~~~~~[m[K
      |                              [32m[Krobot_frame_id_[m[K
[01m[K/home/suke/chicken_core/src/localization/ekf_localization/src/ekf_localization_component.cpp:212:36:[m[K [01;31m[Kerror: [m[Kâ€˜[01m[Kx[m[Kâ€™ cannot be used as a function
  212 |   pose_ekf.pose.pose.position.x = [01;31m[Kx(0)[m[K;
      |                                   [01;31m[K~^~~[m[K
[01m[K/home/suke/chicken_core/src/localization/ekf_localization/src/ekf_localization_component.cpp:213:36:[m[K [01;31m[Kerror: [m[Kâ€˜[01m[Kx[m[Kâ€™ cannot be used as a function
  213 |   pose_ekf.pose.pose.position.y = [01;31m[Kx(1)[m[K;
      |                                   [01;31m[K~^~~[m[K
[01m[K/home/suke/chicken_core/src/localization/ekf_localization/src/ekf_localization_component.cpp:214:36:[m[K [01;31m[Kerror: [m[Kâ€˜[01m[Kx[m[Kâ€™ cannot be used as a function
  214 |   pose_ekf.pose.pose.position.z = [01;31m[Kx(2)[m[K;
      |                                   [01;31m[K~^~~[m[K
gmake[2]: *** [CMakeFiles/ekf_localization_component.dir/build.make:76: CMakeFiles/ekf_localization_component.dir/src/ekf_localization_component.cpp.o] Error 1
gmake[1]: *** [CMakeFiles/Makefile2:137: CMakeFiles/ekf_localization_component.dir/all] Error 2
gmake: *** [Makefile:146: all] Error 2
