[01m[K/home/suke/chicken_core/src/localization/ekf_localization/src/ekf_localization_component.cpp:[m[K In member function â€˜[01m[Kvoid ekf_localization::ExtendedKalmanFilter::measurementUpdate(const Imu&)[m[Kâ€™:
[01m[K/home/suke/chicken_core/src/localization/ekf_localization/src/ekf_localization_component.cpp:228:3:[m[K [01;31m[Kerror: [m[Kâ€˜[01m[Kekf_pose_publ2sher_[m[Kâ€™ was not declared in this scope; did you mean â€˜[01m[Kekf_pose_publisher_[m[Kâ€™?
  228 |   [01;31m[Kekf_pose_publ2sher_[m[K->publish(pose_ekf);
      |   [01;31m[K^~~~~~~~~~~~~~~~~~~[m[K
      |   [32m[Kekf_pose_publisher_[m[K
gmake[2]: *** [CMakeFiles/ekf_localization_component.dir/build.make:76: CMakeFiles/ekf_localization_component.dir/src/ekf_localization_component.cpp.o] Error 1
gmake[1]: *** [CMakeFiles/Makefile2:137: CMakeFiles/ekf_localization_component.dir/all] Error 2
gmake: *** [Makefile:146: all] Error 2
