[0.031s] Invoking command in '/home/suke/chicken_core/build/pure_pursuit_planner': CMAKE_PREFIX_PATH=${CMAKE_PREFIX_PATH}:/home/suke/chicken_core/install/wheelbot_control:/home/suke/chicken_core/install/sensor_bringup:/home/suke/chicken_core/install/joy_translate:/home/suke/Documents/microros_ws/install/sensor_msgs_py:/home/suke/ouxt_automation/robotx_ws/install/opencv_tests:/home/suke/ouxt_automation/robotx_ws/install/detic_onnx_ros2:/opt/ros/humble /usr/bin/cmake --build /home/suke/chicken_core/build/pure_pursuit_planner -- -j12 -l12
[0.122s] [35m[1mConsolidate compiler generated dependencies of target pure_pursuit_planner[0m
[0.156s] [ 33%] [32mBuilding CXX object CMakeFiles/pure_pursuit_planner.dir/src/pure_pursuit_planner_component.cpp.o[0m
[7.805s] [01m[K/home/suke/chicken_core/src/planner/pure_pursuit_planner/src/pure_pursuit_planner_component.cpp:[m[K In member function â€˜[01m[Kvoid PurePursuitNode::updateControl()[m[Kâ€™:
[7.805s] [01m[K/home/suke/chicken_core/src/planner/pure_pursuit_planner/src/pure_pursuit_planner_component.cpp:29:10:[m[K [01;35m[Kwarning: [m[Kstructured binding declaration set but not used [[01;35m[K-Wunused-but-set-variable[m[K]
[7.805s]    29 |     auto [01;35m[K[v, w][m[K = purePursuitControl(target_ind);
[7.806s]       |          [01;35m[K^~~~~~[m[K
[7.806s] [01m[K/home/suke/chicken_core/src/planner/pure_pursuit_planner/src/pure_pursuit_planner_component.cpp:[m[K In member function â€˜[01m[Kstd::pair<double, double> PurePursuitNode::purePursuitControl(int&)[m[Kâ€™:
[7.806s] [01m[K/home/suke/chicken_core/src/planner/pure_pursuit_planner/src/pure_pursuit_planner_component.cpp:40:12:[m[K [01;35m[Kwarning: [m[Kunused variable â€˜[01m[Ktarget_lookahed_x[m[Kâ€™ [[01;35m[K-Wunused-variable[m[K]
[7.806s]    40 |     double [01;35m[Ktarget_lookahed_x[m[K, target_lookahed_y, target_curvature;
[7.806s]       |            [01;35m[K^~~~~~~~~~~~~~~~~[m[K
[7.806s] [01m[K/home/suke/chicken_core/src/planner/pure_pursuit_planner/src/pure_pursuit_planner_component.cpp:40:31:[m[K [01;35m[Kwarning: [m[Kunused variable â€˜[01m[Ktarget_lookahed_y[m[Kâ€™ [[01;35m[K-Wunused-variable[m[K]
[7.806s]    40 |     double target_lookahed_x, [01;35m[Ktarget_lookahed_y[m[K, target_curvature;
[7.806s]       |                               [01;35m[K^~~~~~~~~~~~~~~~~[m[K
[7.807s] [01m[K/home/suke/chicken_core/src/planner/pure_pursuit_planner/src/pure_pursuit_planner_component.cpp:40:50:[m[K [01;35m[Kwarning: [m[Kunused variable â€˜[01m[Ktarget_curvature[m[Kâ€™ [[01;35m[K-Wunused-variable[m[K]
[7.807s]    40 |     double target_lookahed_x, target_lookahed_y, [01;35m[Ktarget_curvature[m[K;
[7.807s]       |                                                  [01;35m[K^~~~~~~~~~~~~~~~[m[K
[7.807s] [01m[K/home/suke/chicken_core/src/planner/pure_pursuit_planner/src/pure_pursuit_planner_component.cpp:[m[K In member function â€˜[01m[Kstd::pair<int, double> PurePursuitNode::searchTargetIndex()[m[Kâ€™:
[7.807s] [01m[K/home/suke/chicken_core/src/planner/pure_pursuit_planner/src/pure_pursuit_planner_component.cpp:104:14:[m[K [01;31m[Kerror: [m[Kâ€˜[01m[Kind[m[Kâ€™ was not declared in this scope; did you mean â€˜[01m[Kint[m[Kâ€™?
[7.807s]   104 |     return { [01;31m[Kind[m[K, Lf };
[7.807s]       |              [01;31m[K^~~[m[K
[7.807s]       |              [32m[Kint[m[K
[7.808s] [01m[K/home/suke/chicken_core/src/planner/pure_pursuit_planner/src/pure_pursuit_planner_component.cpp:104:19:[m[K [01;31m[Kerror: [m[Kâ€˜[01m[KLf[m[Kâ€™ was not declared in this scope; did you mean â€˜[01m[KLfc[m[Kâ€™?
[7.808s]   104 |     return { ind, [01;31m[KLf[m[K };
[7.808s]       |                   [01;31m[K^~[m[K
[7.808s]       |                   [32m[KLfc[m[K
[7.808s] [01m[K/home/suke/chicken_core/src/planner/pure_pursuit_planner/src/pure_pursuit_planner_component.cpp:104:22:[m[K [01;31m[Kerror: [m[Kcould not convert â€˜[01m[K{<expression error>, <expression error>}[m[Kâ€™ from â€˜[01m[K<brace-enclosed initializer list>[m[Kâ€™ to â€˜[01m[Kstd::pair<int, double>[m[Kâ€™
[7.808s]   104 |     return { ind, Lf [01;31m[K}[m[K;
[7.808s]       |                      [01;31m[K^[m[K
[7.808s]       |                      [01;31m[K|[m[K
[7.808s]       |                      [01;31m[K<brace-enclosed initializer list>[m[K
[7.808s] gmake[2]: *** [CMakeFiles/pure_pursuit_planner.dir/build.make:90: CMakeFiles/pure_pursuit_planner.dir/src/pure_pursuit_planner_component.cpp.o] Error 1
[7.808s] gmake[1]: *** [CMakeFiles/Makefile2:137: CMakeFiles/pure_pursuit_planner.dir/all] Error 2
[7.808s] gmake: *** [Makefile:146: all] Error 2
[7.810s] Invoked command in '/home/suke/chicken_core/build/pure_pursuit_planner' returned '2': CMAKE_PREFIX_PATH=${CMAKE_PREFIX_PATH}:/home/suke/chicken_core/install/wheelbot_control:/home/suke/chicken_core/install/sensor_bringup:/home/suke/chicken_core/install/joy_translate:/home/suke/Documents/microros_ws/install/sensor_msgs_py:/home/suke/ouxt_automation/robotx_ws/install/opencv_tests:/home/suke/ouxt_automation/robotx_ws/install/detic_onnx_ros2:/opt/ros/humble /usr/bin/cmake --build /home/suke/chicken_core/build/pure_pursuit_planner -- -j12 -l12
