[0.020s] Invoking command in '/home/suke/chicken_core/build/ekf_localization': CMAKE_PREFIX_PATH=${CMAKE_PREFIX_PATH}:/home/suke/chicken_core/install/wheelbot_control:/home/suke/chicken_core/install/sensor_bringup:/home/suke/chicken_core/install/joy_translate:/home/suke/Documents/microros_ws/install/sensor_msgs_py:/home/suke/ouxt_automation/robotx_ws/install/opencv_tests:/home/suke/ouxt_automation/robotx_ws/install/detic_onnx_ros2:/opt/ros/humble /usr/bin/cmake --build /home/suke/chicken_core/build/ekf_localization -- -j12 -l12
[0.091s] [35m[1mConsolidate compiler generated dependencies of target ekf_localization_component[0m
[0.118s] [ 50%] [32mBuilding CXX object CMakeFiles/ekf_localization_component.dir/src/ekf_localization_component.cpp.o[0m
[10.759s] [01m[K/home/suke/chicken_core/src/localization/ekf_localization/src/ekf_localization_component.cpp:[m[K In constructor â€˜[01m[Kekf_localization::ExtendedKalmanFilter::ExtendedKalmanFilter(const rclcpp::NodeOptions&)[m[Kâ€™:
[10.759s] [01m[K/home/suke/chicken_core/src/localization/ekf_localization/src/ekf_localization_component.cpp:13:3:[m[K [01;31m[Kerror: [m[Kclass â€˜[01m[Kekf_localization::ExtendedKalmanFilter[m[Kâ€™ does not have any field named â€˜[01m[Kclock_[m[Kâ€™
[10.759s]    13 |   [01;31m[Kclock_[m[K(RCL_ROS_TIME),
[10.759s]       |   [01;31m[K^~~~~~[m[K
[10.759s] [01m[K/home/suke/chicken_core/src/localization/ekf_localization/src/ekf_localization_component.cpp:14:45:[m[K [01;31m[Kerror: [m[Kâ€˜[01m[Kclock_[m[Kâ€™ was not declared in this scope; did you mean â€˜[01m[Kclock_t[m[Kâ€™?
[10.759s]    14 |   tfbuffer_(std::make_shared<rclcpp::Clock>([01;31m[Kclock_[m[K)),
[10.759s]       |                                             [01;31m[K^~~~~~[m[K
[10.759s]       |                                             [32m[Kclock_t[m[K
[10.759s] [01m[K/home/suke/chicken_core/src/localization/ekf_localization/src/ekf_localization_component.cpp:[m[K In member function â€˜[01m[Kvoid ekf_localization::ExtendedKalmanFilter::imu_callback(const Imu&)[m[Kâ€™:
[10.759s] [01m[K/home/suke/chicken_core/src/localization/ekf_localization/src/ekf_localization_component.cpp:110:33:[m[K [01;31m[Kerror: [m[Kbase operand of â€˜[01m[K->[m[Kâ€™ has non-pointer type â€˜[01m[Kconst Imu[m[Kâ€™ {aka â€˜[01m[Kconst sensor_msgs::msg::Imu_<std::allocator<void> >[m[Kâ€™}
[10.760s]   110 |         std::chrono::seconds(msg[01;31m[K->[m[Kheader.stamp.sec) +
[10.760s]       |                                 [01;31m[K^~[m[K
[10.760s] [01m[K/home/suke/chicken_core/src/localization/ekf_localization/src/ekf_localization_component.cpp:111:37:[m[K [01;31m[Kerror: [m[Kbase operand of â€˜[01m[K->[m[Kâ€™ has non-pointer type â€˜[01m[Kconst Imu[m[Kâ€™ {aka â€˜[01m[Kconst sensor_msgs::msg::Imu_<std::allocator<void> >[m[Kâ€™}
[10.760s]   111 |         std::chrono::nanoseconds(msg[01;31m[K->[m[Kheader.stamp.nanosec));
[10.760s]       |                                     [01;31m[K^~[m[K
[10.760s] [01m[K/home/suke/chicken_core/src/localization/ekf_localization/src/ekf_localization_component.cpp:115:12:[m[K [01;31m[Kerror: [m[Kbase operand of â€˜[01m[K->[m[Kâ€™ has non-pointer type â€˜[01m[Kconst Imu[m[Kâ€™ {aka â€˜[01m[Kconst sensor_msgs::msg::Imu_<std::allocator<void> >[m[Kâ€™}
[10.760s]   115 |         msg[01;31m[K->[m[Kheader.frame_id,
[10.760s]       |            [01;31m[K^~[m[K
[10.760s] [01m[K/home/suke/chicken_core/src/localization/ekf_localization/src/ekf_localization_component.cpp:[m[K In member function â€˜[01m[Kvoid ekf_localization::ExtendedKalmanFilter::measurementUpdate(const Imu&)[m[Kâ€™:
[10.760s] [01m[K/home/suke/chicken_core/src/localization/ekf_localization/src/ekf_localization_component.cpp:248:7:[m[K [01;31m[Kerror: [m[Kâ€˜[01m[Kbroadcaster_[m[Kâ€™ was not declared in this scope
[10.760s]   248 |       [01;31m[Kbroadcaster_[m[K.sendTransform(transform_stamped);
[10.760s]       |       [01;31m[K^~~~~~~~~~~~[m[K
[10.760s] gmake[2]: *** [CMakeFiles/ekf_localization_component.dir/build.make:76: CMakeFiles/ekf_localization_component.dir/src/ekf_localization_component.cpp.o] Error 1
[10.761s] gmake[1]: *** [CMakeFiles/Makefile2:137: CMakeFiles/ekf_localization_component.dir/all] Error 2
[10.761s] gmake: *** [Makefile:146: all] Error 2
[10.762s] Invoked command in '/home/suke/chicken_core/build/ekf_localization' returned '2': CMAKE_PREFIX_PATH=${CMAKE_PREFIX_PATH}:/home/suke/chicken_core/install/wheelbot_control:/home/suke/chicken_core/install/sensor_bringup:/home/suke/chicken_core/install/joy_translate:/home/suke/Documents/microros_ws/install/sensor_msgs_py:/home/suke/ouxt_automation/robotx_ws/install/opencv_tests:/home/suke/ouxt_automation/robotx_ws/install/detic_onnx_ros2:/opt/ros/humble /usr/bin/cmake --build /home/suke/chicken_core/build/ekf_localization -- -j12 -l12
