[0.015s] Invoking command in '/home/suke/chicken_core/build/ekf_localization': CMAKE_PREFIX_PATH=${CMAKE_PREFIX_PATH}:/home/suke/ouxt_automation/robotx_ws/install/opencv_tests:/home/suke/ouxt_automation/robotx_ws/install/detic_onnx_ros2:/opt/ros/humble /usr/bin/cmake --build /home/suke/chicken_core/build/ekf_localization -- -j12 -l12
[0.079s] [ 50%] [32mBuilding CXX object CMakeFiles/ekf_localization_component.dir/src/ekf_localization_component.cpp.o[0m
[0.714s] In file included from [01m[K/home/suke/chicken_core/src/localization/ekf_localization/src/ekf_localization_component.cpp:9[m[K:
[0.714s] [01m[K/home/suke/chicken_core/src/localization/ekf_localization/include/ekf_localization/ekf_localization_component.hpp:50:2:[m[K [01;31m[Kerror: [m[K#endif without #if
[0.714s]    50 | #[01;31m[Kendif[m[K
[0.714s]       |  [01;31m[K^~~~~[m[K
[3.107s] [01m[K/home/suke/chicken_core/src/localization/ekf_localization/include/ekf_localization/ekf_localization_component.hpp:21:3:[m[K [01;31m[Kerror: [m[Kâ€˜[01m[KMatrixXd[m[Kâ€™ does not name a type
[3.108s]    21 |   [01;31m[KMatrixXd[m[K Q = MatrixXd::Zero(3, 3);
[3.108s]       |   [01;31m[K^~~~~~~~[m[K
[3.108s] [01m[K/home/suke/chicken_core/src/localization/ekf_localization/include/ekf_localization/ekf_localization_component.hpp:22:5:[m[K [01;31m[Kerror: [m[Kexpected identifier before numeric constant
[3.108s]    22 |   Q([01;31m[K0[m[K, 0) = 0.1;  // Process noise for x
[3.108s]       |     [01;31m[K^[m[K
[3.108s] [01m[K/home/suke/chicken_core/src/localization/ekf_localization/include/ekf_localization/ekf_localization_component.hpp:22:5:[m[K [01;31m[Kerror: [m[Kexpected â€˜[01m[K,[m[Kâ€™ or â€˜[01m[K...[m[Kâ€™ before numeric constant
[3.109s] [01m[K/home/suke/chicken_core/src/localization/ekf_localization/include/ekf_localization/ekf_localization_component.hpp:22:16:[m[K [01;31m[Kerror: [m[Kinvalid pure specifier (only â€˜[01m[K= 0[m[Kâ€™ is allowed) before â€˜[01m[K;[m[Kâ€™ token
[3.109s]    22 |   Q(0, 0) = 0.1[01;31m[K;[m[K  // Process noise for x
[3.109s]       |                [01;31m[K^[m[K
[3.109s] [01m[K/home/suke/chicken_core/src/localization/ekf_localization/include/ekf_localization/ekf_localization_component.hpp:22:3:[m[K [01;31m[Kerror: [m[KISO C++ forbids declaration of â€˜[01m[KQ[m[Kâ€™ with no type [[01;31m[K]8;;https://gcc.gnu.org/onlinedocs/gcc/Warning-Options.html#index-fpermissive-fpermissive]8;;[m[K]
[3.109s]    22 |   [01;31m[KQ[m[K(0, 0) = 0.1;  // Process noise for x
[3.109s]       |   [01;31m[K^[m[K
[3.109s] [01m[K/home/suke/chicken_core/src/localization/ekf_localization/include/ekf_localization/ekf_localization_component.hpp:23:5:[m[K [01;31m[Kerror: [m[Kexpected identifier before numeric constant
[3.110s]    23 |   Q([01;31m[K1[m[K, 1) = 0.1;  // Process noise for y
[3.110s]       |     [01;31m[K^[m[K
[3.110s] [01m[K/home/suke/chicken_core/src/localization/ekf_localization/include/ekf_localization/ekf_localization_component.hpp:23:5:[m[K [01;31m[Kerror: [m[Kexpected â€˜[01m[K,[m[Kâ€™ or â€˜[01m[K...[m[Kâ€™ before numeric constant
[3.110s] [01m[K/home/suke/chicken_core/src/localization/ekf_localization/include/ekf_localization/ekf_localization_component.hpp:23:16:[m[K [01;31m[Kerror: [m[Kinvalid pure specifier (only â€˜[01m[K= 0[m[Kâ€™ is allowed) before â€˜[01m[K;[m[Kâ€™ token
[3.111s]    23 |   Q(1, 1) = 0.1[01;31m[K;[m[K  // Process noise for y
[3.111s]       |                [01;31m[K^[m[K
[3.111s] [01m[K/home/suke/chicken_core/src/localization/ekf_localization/include/ekf_localization/ekf_localization_component.hpp:23:3:[m[K [01;31m[Kerror: [m[KISO C++ forbids declaration of â€˜[01m[KQ[m[Kâ€™ with no type [[01;31m[K]8;;https://gcc.gnu.org/onlinedocs/gcc/Warning-Options.html#index-fpermissive-fpermissive]8;;[m[K]
[3.111s]    23 |   [01;31m[KQ[m[K(1, 1) = 0.1;  // Process noise for y
[3.111s]       |   [01;31m[K^[m[K
[3.111s] [01m[K/home/suke/chicken_core/src/localization/ekf_localization/include/ekf_localization/ekf_localization_component.hpp:23:3:[m[K [01;31m[Kerror: [m[Kâ€˜[01m[Kint ekf_localization::ExtendedKalmanFilter::Q(int)[m[Kâ€™ cannot be overloaded with â€˜[01m[Kint ekf_localization::ExtendedKalmanFilter::Q(int)[m[Kâ€™
[3.111s] [01m[K/home/suke/chicken_core/src/localization/ekf_localization/include/ekf_localization/ekf_localization_component.hpp:22:3:[m[K [01;36m[Knote: [m[Kprevious declaration â€˜[01m[Kint ekf_localization::ExtendedKalmanFilter::Q(int)[m[Kâ€™
[3.111s]    22 |   [01;36m[KQ[m[K(0, 0) = 0.1;  // Process noise for x
[3.111s]       |   [01;36m[K^[m[K
[3.112s] [01m[K/home/suke/chicken_core/src/localization/ekf_localization/include/ekf_localization/ekf_localization_component.hpp:24:5:[m[K [01;31m[Kerror: [m[Kexpected identifier before numeric constant
[3.112s]    24 |   Q([01;31m[K2[m[K, 2) = 0.01; // Process noise for theta
[3.112s]       |     [01;31m[K^[m[K
[3.112s] [01m[K/home/suke/chicken_core/src/localization/ekf_localization/include/ekf_localization/ekf_localization_component.hpp:24:5:[m[K [01;31m[Kerror: [m[Kexpected â€˜[01m[K,[m[Kâ€™ or â€˜[01m[K...[m[Kâ€™ before numeric constant
[3.112s] [01m[K/home/suke/chicken_core/src/localization/ekf_localization/include/ekf_localization/ekf_localization_component.hpp:24:17:[m[K [01;31m[Kerror: [m[Kinvalid pure specifier (only â€˜[01m[K= 0[m[Kâ€™ is allowed) before â€˜[01m[K;[m[Kâ€™ token
[3.112s]    24 |   Q(2, 2) = 0.01[01;31m[K;[m[K // Process noise for theta
[3.112s]       |                 [01;31m[K^[m[K
[3.112s] [01m[K/home/suke/chicken_core/src/localization/ekf_localization/include/ekf_localization/ekf_localization_component.hpp:24:3:[m[K [01;31m[Kerror: [m[KISO C++ forbids declaration of â€˜[01m[KQ[m[Kâ€™ with no type [[01;31m[K]8;;https://gcc.gnu.org/onlinedocs/gcc/Warning-Options.html#index-fpermissive-fpermissive]8;;[m[K]
[3.113s]    24 |   [01;31m[KQ[m[K(2, 2) = 0.01; // Process noise for theta
[3.113s]       |   [01;31m[K^[m[K
[3.113s] [01m[K/home/suke/chicken_core/src/localization/ekf_localization/include/ekf_localization/ekf_localization_component.hpp:24:3:[m[K [01;31m[Kerror: [m[Kâ€˜[01m[Kint ekf_localization::ExtendedKalmanFilter::Q(int)[m[Kâ€™ cannot be overloaded with â€˜[01m[Kint ekf_localization::ExtendedKalmanFilter::Q(int)[m[Kâ€™
[3.113s] [01m[K/home/suke/chicken_core/src/localization/ekf_localization/include/ekf_localization/ekf_localization_component.hpp:22:3:[m[K [01;36m[Knote: [m[Kprevious declaration â€˜[01m[Kint ekf_localization::ExtendedKalmanFilter::Q(int)[m[Kâ€™
[3.113s]    22 |   [01;36m[KQ[m[K(0, 0) = 0.1;  // Process noise for x
[3.113s]       |   [01;36m[K^[m[K
[3.113s] [01m[K/home/suke/chicken_core/src/localization/ekf_localization/include/ekf_localization/ekf_localization_component.hpp:27:3:[m[K [01;31m[Kerror: [m[Kâ€˜[01m[KMatrixXd[m[Kâ€™ does not name a type
[3.113s]    27 |   [01;31m[KMatrixXd[m[K R = MatrixXd::Zero(3, 3);
[3.113s]       |   [01;31m[K^~~~~~~~[m[K
[3.113s] [01m[K/home/suke/chicken_core/src/localization/ekf_localization/include/ekf_localization/ekf_localization_component.hpp:28:5:[m[K [01;31m[Kerror: [m[Kexpected identifier before numeric constant
[3.113s]    28 |   R([01;31m[K0[m[K, 0) = 0.1;  // Process noise for x
[3.113s]       |     [01;31m[K^[m[K
[3.113s] [01m[K/home/suke/chicken_core/src/localization/ekf_localization/include/ekf_localization/ekf_localization_component.hpp:28:5:[m[K [01;31m[Kerror: [m[Kexpected â€˜[01m[K,[m[Kâ€™ or â€˜[01m[K...[m[Kâ€™ before numeric constant
[3.113s] [01m[K/home/suke/chicken_core/src/localization/ekf_localization/include/ekf_localization/ekf_localization_component.hpp:28:16:[m[K [01;31m[Kerror: [m[Kinvalid pure specifier (only â€˜[01m[K= 0[m[Kâ€™ is allowed) before â€˜[01m[K;[m[Kâ€™ token
[3.114s]    28 |   R(0, 0) = 0.1[01;31m[K;[m[K  // Process noise for x
[3.114s]       |                [01;31m[K^[m[K
[3.114s] [01m[K/home/suke/chicken_core/src/localization/ekf_localization/include/ekf_localization/ekf_localization_component.hpp:28:3:[m[K [01;31m[Kerror: [m[KISO C++ forbids declaration of â€˜[01m[KR[m[Kâ€™ with no type [[01;31m[K]8;;https://gcc.gnu.org/onlinedocs/gcc/Warning-Options.html#index-fpermissive-fpermissive]8;;[m[K]
[3.114s]    28 |   [01;31m[KR[m[K(0, 0) = 0.1;  // Process noise for x
[3.114s]       |   [01;31m[K^[m[K
[3.114s] [01m[K/home/suke/chicken_core/src/localization/ekf_localization/include/ekf_localization/ekf_localization_component.hpp:29:5:[m[K [01;31m[Kerror: [m[Kexpected identifier before numeric constant
[3.114s]    29 |   R([01;31m[K1[m[K, 1) = 0.1;  // Process noise for y
[3.114s]       |     [01;31m[K^[m[K
[3.114s] [01m[K/home/suke/chicken_core/src/localization/ekf_localization/include/ekf_localization/ekf_localization_component.hpp:29:5:[m[K [01;31m[Kerror: [m[Kexpected â€˜[01m[K,[m[Kâ€™ or â€˜[01m[K...[m[Kâ€™ before numeric constant
[3.114s] [01m[K/home/suke/chicken_core/src/localization/ekf_localization/include/ekf_localization/ekf_localization_component.hpp:29:16:[m[K [01;31m[Kerror: [m[Kinvalid pure specifier (only â€˜[01m[K= 0[m[Kâ€™ is allowed) before â€˜[01m[K;[m[Kâ€™ token
[3.114s]    29 |   R(1, 1) = 0.1[01;31m[K;[m[K  // Process noise for y
[3.114s]       |                [01;31m[K^[m[K
[3.114s] [01m[K/home/suke/chicken_core/src/localization/ekf_localization/include/ekf_localization/ekf_localization_component.hpp:29:3:[m[K [01;31m[Kerror: [m[KISO C++ forbids declaration of â€˜[01m[KR[m[Kâ€™ with no type [[01;31m[K]8;;https://gcc.gnu.org/onlinedocs/gcc/Warning-Options.html#index-fpermissive-fpermissive]8;;[m[K]
[3.115s]    29 |   [01;31m[KR[m[K(1, 1) = 0.1;  // Process noise for y
[3.115s]       |   [01;31m[K^[m[K
[3.115s] [01m[K/home/suke/chicken_core/src/localization/ekf_localization/include/ekf_localization/ekf_localization_component.hpp:29:3:[m[K [01;31m[Kerror: [m[Kâ€˜[01m[Kint ekf_localization::ExtendedKalmanFilter::R(int)[m[Kâ€™ cannot be overloaded with â€˜[01m[Kint ekf_localization::ExtendedKalmanFilter::R(int)[m[Kâ€™
[3.115s] [01m[K/home/suke/chicken_core/src/localization/ekf_localization/include/ekf_localization/ekf_localization_component.hpp:28:3:[m[K [01;36m[Knote: [m[Kprevious declaration â€˜[01m[Kint ekf_localization::ExtendedKalmanFilter::R(int)[m[Kâ€™
[3.115s]    28 |   [01;36m[KR[m[K(0, 0) = 0.1;  // Process noise for x
[3.115s]       |   [01;36m[K^[m[K
[3.115s] [01m[K/home/suke/chicken_core/src/localization/ekf_localization/include/ekf_localization/ekf_localization_component.hpp:30:5:[m[K [01;31m[Kerror: [m[Kexpected identifier before numeric constant
[3.115s]    30 |   R([01;31m[K2[m[K, 2) = 0.01; // Process noise for theta
[3.115s]       |     [01;31m[K^[m[K
[3.115s] [01m[K/home/suke/chicken_core/src/localization/ekf_localization/include/ekf_localization/ekf_localization_component.hpp:30:5:[m[K [01;31m[Kerror: [m[Kexpected â€˜[01m[K,[m[Kâ€™ or â€˜[01m[K...[m[Kâ€™ before numeric constant
[3.115s] [01m[K/home/suke/chicken_core/src/localization/ekf_localization/include/ekf_localization/ekf_localization_component.hpp:30:17:[m[K [01;31m[Kerror: [m[Kinvalid pure specifier (only â€˜[01m[K= 0[m[Kâ€™ is allowed) before â€˜[01m[K;[m[Kâ€™ token
[3.115s]    30 |   R(2, 2) = 0.01[01;31m[K;[m[K // Process noise for theta
[3.115s]       |                 [01;31m[K^[m[K
[3.115s] [01m[K/home/suke/chicken_core/src/localization/ekf_localization/include/ekf_localization/ekf_localization_component.hpp:30:3:[m[K [01;31m[Kerror: [m[KISO C++ forbids declaration of â€˜[01m[KR[m[Kâ€™ with no type [[01;31m[K]8;;https://gcc.gnu.org/onlinedocs/gcc/Warning-Options.html#index-fpermissive-fpermissive]8;;[m[K]
[3.115s]    30 |   [01;31m[KR[m[K(2, 2) = 0.01; // Process noise for theta
[3.116s]       |   [01;31m[K^[m[K
[3.116s] [01m[K/home/suke/chicken_core/src/localization/ekf_localization/include/ekf_localization/ekf_localization_component.hpp:30:3:[m[K [01;31m[Kerror: [m[Kâ€˜[01m[Kint ekf_localization::ExtendedKalmanFilter::R(int)[m[Kâ€™ cannot be overloaded with â€˜[01m[Kint ekf_localization::ExtendedKalmanFilter::R(int)[m[Kâ€™
[3.116s] [01m[K/home/suke/chicken_core/src/localization/ekf_localization/include/ekf_localization/ekf_localization_component.hpp:28:3:[m[K [01;36m[Knote: [m[Kprevious declaration â€˜[01m[Kint ekf_localization::ExtendedKalmanFilter::R(int)[m[Kâ€™
[3.116s]    28 |   [01;36m[KR[m[K(0, 0) = 0.1;  // Process noise for x
[3.116s]       |   [01;36m[K^[m[K
[3.116s] [01m[K/home/suke/chicken_core/src/localization/ekf_localization/include/ekf_localization/ekf_localization_component.hpp:32:3:[m[K [01;31m[Kerror: [m[Kâ€˜[01m[KMatrixXd[m[Kâ€™ does not name a type
[3.116s]    32 |   [01;31m[KMatrixXd[m[K P = MatrixXd::Zero(3, 3);
[3.116s]       |   [01;31m[K^~~~~~~~[m[K
[3.116s] [01m[K/home/suke/chicken_core/src/localization/ekf_localization/include/ekf_localization/ekf_localization_component.hpp:34:3:[m[K [01;31m[Kerror: [m[Kâ€˜[01m[Ktimestamp[m[Kâ€™ does not name a type
[3.116s]    34 |   [01;31m[Ktimestamp[m[K;
[3.116s]       |   [01;31m[K^~~~~~~~~[m[K
[3.221s] [01m[K/home/suke/chicken_core/src/localization/ekf_localization/src/ekf_localization_component.cpp:[m[K In constructor â€˜[01m[Kekf_localization::ExtendedKalmanFilter::ExtendedKalmanFilter(const rclcpp::NodeOptions&)[m[Kâ€™:
[3.221s] [01m[K/home/suke/chicken_core/src/localization/ekf_localization/src/ekf_localization_component.cpp:24:39:[m[K [01;31m[Kerror: [m[Kâ€˜[01m[Kreference_frame_id_[m[Kâ€™ was not declared in this scope
[3.221s]    24 |   get_parameter("reference_frame_id", [01;31m[Kreference_frame_id_[m[K);
[3.221s]       |                                       [01;31m[K^~~~~~~~~~~~~~~~~~~[m[K
[3.230s] [01m[K/home/suke/chicken_core/src/localization/ekf_localization/src/ekf_localization_component.cpp:25:35:[m[K [01;31m[Kerror: [m[Kâ€˜[01m[Krobot_frame_id_[m[Kâ€™ was not declared in this scope
[3.230s]    25 |   get_parameter("robot_frame_id", [01;31m[Krobot_frame_id_[m[K);
[3.230s]       |                                   [01;31m[K^~~~~~~~~~~~~~~[m[K
[3.242s] [01m[K/home/suke/chicken_core/src/localization/ekf_localization/src/ekf_localization_component.cpp:26:39:[m[K [01;31m[Kerror: [m[Kâ€˜[01m[Kinitial_pose_topic_[m[Kâ€™ was not declared in this scope
[3.242s]    26 |   get_parameter("initial_pose_topic", [01;31m[Kinitial_pose_topic_[m[K);
[3.242s]       |                                       [01;31m[K^~~~~~~~~~~~~~~~~~~[m[K
[3.249s] [01m[K/home/suke/chicken_core/src/localization/ekf_localization/src/ekf_localization_component.cpp:27:30:[m[K [01;31m[Kerror: [m[Kâ€˜[01m[Kimu_topic_[m[Kâ€™ was not declared in this scope
[3.249s]    27 |   get_parameter("imu_topic", [01;31m[Kimu_topic_[m[K);
[3.249s]       |                              [01;31m[K^~~~~~~~~~[m[K
[3.256s] [01m[K/home/suke/chicken_core/src/localization/ekf_localization/src/ekf_localization_component.cpp:28:31:[m[K [01;31m[Kerror: [m[Kâ€˜[01m[Kodom_topic_[m[Kâ€™ was not declared in this scope; did you mean â€˜[01m[Knode_topics_[m[Kâ€™?
[3.256s]    28 |   get_parameter("odom_topic", [01;31m[Kodom_topic_[m[K);
[3.256s]       |                               [01;31m[K^~~~~~~~~~~[m[K
[3.256s]       |                               [32m[Knode_topics_[m[K
[3.267s] [01m[K/home/suke/chicken_core/src/localization/ekf_localization/src/ekf_localization_component.cpp:34:31:[m[K [01;31m[Kerror: [m[Kâ€˜[01m[Kpub_period_[m[Kâ€™ was not declared in this scope
[3.267s]    34 |   get_parameter("pub_period", [01;31m[Kpub_period_[m[K);
[3.267s]       |                               [01;31m[K^~~~~~~~~~~[m[K
[3.274s] [01m[K/home/suke/chicken_core/src/localization/ekf_localization/src/ekf_localization_component.cpp:35:30:[m[K [01;31m[Kerror: [m[Kâ€˜[01m[Kvar_imu_w_[m[Kâ€™ was not declared in this scope
[3.274s]    35 |   get_parameter("var_imu_w", [01;31m[Kvar_imu_w_[m[K);
[3.274s]       |                              [01;31m[K^~~~~~~~~~[m[K
[3.282s] [01m[K/home/suke/chicken_core/src/localization/ekf_localization/src/ekf_localization_component.cpp:36:32:[m[K [01;31m[Kerror: [m[Kâ€˜[01m[Kvar_imu_acc_[m[Kâ€™ was not declared in this scope
[3.283s]    36 |   get_parameter("var_imu_acc", [01;31m[Kvar_imu_acc_[m[K);
[3.283s]       |                                [01;31m[K^~~~~~~~~~~~[m[K
[3.291s] [01m[K/home/suke/chicken_core/src/localization/ekf_localization/src/ekf_localization_component.cpp:37:33:[m[K [01;31m[Kerror: [m[Kâ€˜[01m[Kvar_odom_xyz_[m[Kâ€™ was not declared in this scope
[3.291s]    37 |   get_parameter("var_odom_xyz", [01;31m[Kvar_odom_xyz_[m[K);
[3.291s]       |                                 [01;31m[K^~~~~~~~~~~~~[m[K
[3.301s] [01m[K/home/suke/chicken_core/src/localization/ekf_localization/src/ekf_localization_component.cpp:[m[K At global scope:
[3.301s] [01m[K/home/suke/chicken_core/src/localization/ekf_localization/src/ekf_localization_component.cpp:54:6:[m[K [01;31m[Kerror: [m[Kno declaration matches â€˜[01m[Kbool ekf_localization::ExtendedKalmanFilter::init()[m[Kâ€™
[3.301s]    54 | bool [01;31m[KExtendedKalmanFilter[m[K::init()
[3.301s]       |      [01;31m[K^~~~~~~~~~~~~~~~~~~~[m[K
[3.301s] [01m[K/home/suke/chicken_core/src/localization/ekf_localization/src/ekf_localization_component.cpp:54:6:[m[K [01;36m[Knote: [m[Kno functions named â€˜[01m[Kbool ekf_localization::ExtendedKalmanFilter::init()[m[Kâ€™
[3.302s] In file included from [01m[K/home/suke/chicken_core/src/localization/ekf_localization/src/ekf_localization_component.cpp:9[m[K:
[3.302s] [01m[K/home/suke/chicken_core/src/localization/ekf_localization/include/ekf_localization/ekf_localization_component.hpp:10:7:[m[K [01;36m[Knote: [m[Kâ€˜[01m[Kclass ekf_localization::ExtendedKalmanFilter[m[Kâ€™ defined here
[3.302s]    10 | class [01;36m[KExtendedKalmanFilter[m[K : public rclcpp::Node
[3.302s]       |       [01;36m[K^~~~~~~~~~~~~~~~~~~~[m[K
[3.302s] [01m[K/home/suke/chicken_core/src/localization/ekf_localization/src/ekf_localization_component.cpp:[m[K In member function â€˜[01m[Kvoid ekf_localization::ExtendedKalmanFilter::odom_callback(nav_msgs::msg::Odometry_<std::allocator<void> >::SharedPtr)[m[Kâ€™:
[3.302s] [01m[K/home/suke/chicken_core/src/localization/ekf_localization/src/ekf_localization_component.cpp:64:5:[m[K [01;31m[Kerror: [m[Kâ€˜[01m[Kinit[m[Kâ€™ was not declared in this scope; did you mean â€˜[01m[Krclcpp::init[m[Kâ€™?
[3.302s]    64 |     [01;31m[Kinit[m[K();
[3.302s]       |     [01;31m[K^~~~[m[K
[3.302s]       |     [32m[Krclcpp::init[m[K
[3.302s] In file included from [01m[K/opt/ros/humble/include/rclcpp/rclcpp/logging.hpp:25[m[K,
[3.303s]                  from [01m[K/opt/ros/humble/include/rclcpp/rclcpp/client.hpp:40[m[K,
[3.303s]                  from [01m[K/opt/ros/humble/include/rclcpp/rclcpp/callback_group.hpp:24[m[K,
[3.303s]                  from [01m[K/opt/ros/humble/include/rclcpp/rclcpp/any_executable.hpp:20[m[K,
[3.303s]                  from [01m[K/opt/ros/humble/include/rclcpp/rclcpp/memory_strategy.hpp:25[m[K,
[3.303s]                  from [01m[K/opt/ros/humble/include/rclcpp/rclcpp/memory_strategies.hpp:18[m[K,
[3.303s]                  from [01m[K/opt/ros/humble/include/rclcpp/rclcpp/executor_options.hpp:20[m[K,
[3.303s]                  from [01m[K/opt/ros/humble/include/rclcpp/rclcpp/executor.hpp:37[m[K,
[3.303s]                  from [01m[K/opt/ros/humble/include/rclcpp/rclcpp/executors/multi_threaded_executor.hpp:25[m[K,
[3.303s]                  from [01m[K/opt/ros/humble/include/rclcpp/rclcpp/executors.hpp:21[m[K,
[3.303s]                  from [01m[K/opt/ros/humble/include/rclcpp/rclcpp/rclcpp.hpp:155[m[K,
[3.303s]                  from [01m[K/home/suke/chicken_core/src/localization/ekf_localization/src/ekf_localization_component.cpp:6[m[K:
[3.303s] [01m[K/opt/ros/humble/include/rclcpp/rclcpp/utilities.hpp:75:1:[m[K [01;36m[Knote: [m[Kâ€˜[01m[Krclcpp::init[m[Kâ€™ declared here
[3.303s]    75 | [01;36m[Kinit[m[K(
[3.303s]       | [01;36m[K^~~~[m[K
[3.304s] [01m[K/home/suke/chicken_core/src/localization/ekf_localization/src/ekf_localization_component.cpp:66:21:[m[K [01;31m[Kerror: [m[Kcannot convert â€˜[01m[Knav_msgs::msg::Odometry_<std::allocator<void> >::SharedPtr[m[Kâ€™ {aka â€˜[01m[Kstd::shared_ptr<nav_msgs::msg::Odometry_<std::allocator<void> > >[m[Kâ€™} to â€˜[01m[Ksensor_msgs::msg::Imu[m[Kâ€™ {aka â€˜[01m[Ksensor_msgs::msg::Imu_<std::allocator<void> >[m[Kâ€™}
[3.304s]    66 |   measurementUpdate([01;31m[Kmsg[m[K);
[3.304s]       |                     [01;31m[K^~~[m[K
[3.304s]       |                     [01;31m[K|[m[K
[3.304s]       |                     [01;31m[Knav_msgs::msg::Odometry_<std::allocator<void> >::SharedPtr {aka std::shared_ptr<nav_msgs::msg::Odometry_<std::allocator<void> > >}[m[K
[3.304s] In file included from [01m[K/home/suke/chicken_core/src/localization/ekf_localization/src/ekf_localization_component.cpp:9[m[K:
[3.304s] [01m[K/home/suke/chicken_core/src/localization/ekf_localization/include/ekf_localization/ekf_localization_component.hpp:42:48:[m[K [01;36m[Knote: [m[K  initializing argument 1 of â€˜[01m[Kvoid ekf_localization::ExtendedKalmanFilter::measurementUpdate(sensor_msgs::msg::Imu)[m[Kâ€™
[3.304s]    42 |   void measurementUpdate([01;36m[Ksensor_msgs::msg::Imu msg[m[K);
[3.304s]       |                          [01;36m[K~~~~~~~~~~~~~~~~~~~~~~^~~[m[K
[3.304s] [01m[K/home/suke/chicken_core/src/localization/ekf_localization/src/ekf_localization_component.cpp:[m[K In member function â€˜[01m[Kvoid ekf_localization::ExtendedKalmanFilter::imu_callback(sensor_msgs::msg::Imu_<std::allocator<void> >::SharedPtr)[m[Kâ€™:
[3.304s] [01m[K/home/suke/chicken_core/src/localization/ekf_localization/src/ekf_localization_component.cpp:74:5:[m[K [01;31m[Kerror: [m[Kâ€˜[01m[Kinit[m[Kâ€™ was not declared in this scope; did you mean â€˜[01m[Krclcpp::init[m[Kâ€™?
[3.304s]    74 |     [01;31m[Kinit[m[K();
[3.304s]       |     [01;31m[K^~~~[m[K
[3.304s]       |     [32m[Krclcpp::init[m[K
[3.304s] In file included from [01m[K/opt/ros/humble/include/rclcpp/rclcpp/logging.hpp:25[m[K,
[3.304s]                  from [01m[K/opt/ros/humble/include/rclcpp/rclcpp/client.hpp:40[m[K,
[3.304s]                  from [01m[K/opt/ros/humble/include/rclcpp/rclcpp/callback_group.hpp:24[m[K,
[3.304s]                  from [01m[K/opt/ros/humble/include/rclcpp/rclcpp/any_executable.hpp:20[m[K,
[3.305s]                  from [01m[K/opt/ros/humble/include/rclcpp/rclcpp/memory_strategy.hpp:25[m[K,
[3.305s]                  from [01m[K/opt/ros/humble/include/rclcpp/rclcpp/memory_strategies.hpp:18[m[K,
[3.305s]                  from [01m[K/opt/ros/humble/include/rclcpp/rclcpp/executor_options.hpp:20[m[K,
[3.305s]                  from [01m[K/opt/ros/humble/include/rclcpp/rclcpp/executor.hpp:37[m[K,
[3.305s]                  from [01m[K/opt/ros/humble/include/rclcpp/rclcpp/executors/multi_threaded_executor.hpp:25[m[K,
[3.305s]                  from [01m[K/opt/ros/humble/include/rclcpp/rclcpp/executors.hpp:21[m[K,
[3.305s]                  from [01m[K/opt/ros/humble/include/rclcpp/rclcpp/rclcpp.hpp:155[m[K,
[3.305s]                  from [01m[K/home/suke/chicken_core/src/localization/ekf_localization/src/ekf_localization_component.cpp:6[m[K:
[3.305s] [01m[K/opt/ros/humble/include/rclcpp/rclcpp/utilities.hpp:75:1:[m[K [01;36m[Knote: [m[Kâ€˜[01m[Krclcpp::init[m[Kâ€™ declared here
[3.305s]    75 | [01;36m[Kinit[m[K(
[3.305s]       | [01;36m[K^~~~[m[K
[3.305s] [01m[K/home/suke/chicken_core/src/localization/ekf_localization/src/ekf_localization_component.cpp:78:27:[m[K [01;31m[Kerror: [m[Kâ€˜[01m[KVector3Stamped[m[Kâ€™ is not a member of â€˜[01m[Kgeometry_msgs::msg[m[Kâ€™
[3.305s]    78 |       geometry_msgs::msg::[01;31m[KVector3Stamped[m[K acc_in, acc_out, w_in, w_out;
[3.305s]       |                           [01;31m[K^~~~~~~~~~~~~~[m[K
[3.308s] [01m[K/home/suke/chicken_core/src/localization/ekf_localization/src/ekf_localization_component.cpp:79:7:[m[K [01;31m[Kerror: [m[Kâ€˜[01m[Kacc_in[m[Kâ€™ was not declared in this scope
[3.308s]    79 |       [01;31m[Kacc_in[m[K.vector.x = msg->linear_acceleration.x;
[3.308s]       |       [01;31m[K^~~~~~[m[K
[3.313s] [01m[K/home/suke/chicken_core/src/localization/ekf_localization/src/ekf_localization_component.cpp:82:7:[m[K [01;31m[Kerror: [m[Kâ€˜[01m[Kw_in[m[Kâ€™ was not declared in this scope
[3.313s]    82 |       [01;31m[Kw_in[m[K.vector.x = msg->angular_velocity.x;
[3.313s]       |       [01;31m[K^~~~[m[K
[3.313s] [01m[K/home/suke/chicken_core/src/localization/ekf_localization/src/ekf_localization_component.cpp:85:7:[m[K [01;31m[Kerror: [m[Kâ€˜[01m[Ktf2[m[Kâ€™ has not been declared
[3.313s]    85 |       [01;31m[Ktf2[m[K::TimePoint time_point = tf2::TimePoint(
[3.314s]       |       [01;31m[K^~~[m[K
[3.314s] [01m[K/home/suke/chicken_core/src/localization/ekf_localization/src/ekf_localization_component.cpp:88:33:[m[K [01;31m[Kerror: [m[Kâ€˜[01m[KTransformStamped[m[Kâ€™ in namespace â€˜[01m[Kgeometry_msgs::msg[m[Kâ€™ does not name a type
[3.314s]    88 |       const geometry_msgs::msg::[01;31m[KTransformStamped[m[K transform =
[3.314s]       |                                 [01;31m[K^~~~~~~~~~~~~~~~[m[K
[3.314s] [01m[K/home/suke/chicken_core/src/localization/ekf_localization/src/ekf_localization_component.cpp:93:7:[m[K [01;31m[Kerror: [m[Kâ€˜[01m[Ktf2[m[Kâ€™ has not been declared
[3.314s]    93 |       [01;31m[Ktf2[m[K::doTransform(acc_in, acc_out, transform);
[3.314s]       |       [01;31m[K^~~[m[K
[3.319s] [01m[K/home/suke/chicken_core/src/localization/ekf_localization/src/ekf_localization_component.cpp:93:32:[m[K [01;31m[Kerror: [m[Kâ€˜[01m[Kacc_out[m[Kâ€™ was not declared in this scope; did you mean â€˜[01m[Kacct[m[Kâ€™?
[3.319s]    93 |       tf2::doTransform(acc_in, [01;31m[Kacc_out[m[K, transform);
[3.319s]       |                                [01;31m[K^~~~~~~[m[K
[3.319s]       |                                [32m[Kacct[m[K
[3.319s] [01m[K/home/suke/chicken_core/src/localization/ekf_localization/src/ekf_localization_component.cpp:93:41:[m[K [01;31m[Kerror: [m[Kâ€˜[01m[Ktransform[m[Kâ€™ was not declared in this scope; did you mean â€˜[01m[Kstd::transform[m[Kâ€™?
[3.319s]    93 |       tf2::doTransform(acc_in, acc_out, [01;31m[Ktransform[m[K);
[3.319s]       |                                         [01;31m[K^~~~~~~~~[m[K
[3.319s]       |                                         [32m[Kstd::transform[m[K
[3.320s] In file included from [01m[K/usr/include/c++/11/algorithm:74[m[K,
[3.320s]                  from [01m[K/usr/include/eigen3/Eigen/Core:95[m[K,
[3.320s]                  from [01m[K/usr/include/eigen3/Eigen/Dense:1[m[K,
[3.320s]                  from [01m[K/home/suke/chicken_core/src/localization/ekf_localization/src/ekf_localization_component.cpp:5[m[K:
[3.320s] [01m[K/usr/include/c++/11/pstl/glue_algorithm_defs.h:162:1:[m[K [01;36m[Knote: [m[Kâ€˜[01m[Kstd::transform[m[Kâ€™ declared here
[3.320s]   162 | [01;36m[Ktransform[m[K(_ExecutionPolicy&& __exec, _ForwardIterator1 __first1, _ForwardIterator1 __last1, _ForwardIterator2 __first2,
[3.320s]       | [01;36m[K^~~~~~~~~[m[K
[3.320s] [01m[K/home/suke/chicken_core/src/localization/ekf_localization/src/ekf_localization_component.cpp:94:7:[m[K [01;31m[Kerror: [m[Kâ€˜[01m[Ktf2[m[Kâ€™ has not been declared
[3.320s]    94 |       [01;31m[Ktf2[m[K::doTransform(w_in, w_out, transform);
[3.320s]       |       [01;31m[K^~~[m[K
[3.324s] [01m[K/home/suke/chicken_core/src/localization/ekf_localization/src/ekf_localization_component.cpp:94:30:[m[K [01;31m[Kerror: [m[Kâ€˜[01m[Kw_out[m[Kâ€™ was not declared in this scope
[3.324s]    94 |       tf2::doTransform(w_in, [01;31m[Kw_out[m[K, transform);
[3.325s]       |                              [01;31m[K^~~~~[m[K
[3.326s] [01m[K/home/suke/chicken_core/src/localization/ekf_localization/src/ekf_localization_component.cpp:103:14:[m[K [01;31m[Kerror: [m[Kâ€˜[01m[Ktf2[m[Kâ€™ does not name a type
[3.326s]   103 |     } catch ([01;31m[Ktf2[m[K::TransformException & e) {
[3.326s]       |              [01;31m[K^~~[m[K
[3.326s] [01m[K/home/suke/chicken_core/src/localization/ekf_localization/src/ekf_localization_component.cpp:103:38:[m[K [01;31m[Kerror: [m[Kexpected unqualified-id before â€˜[01m[K&[m[Kâ€™ token
[3.326s]   103 |     } catch (tf2::TransformException [01;31m[K&[m[K e) {
[3.326s]       |                                      [01;31m[K^[m[K
[3.326s] [01m[K/home/suke/chicken_core/src/localization/ekf_localization/src/ekf_localization_component.cpp:103:37:[m[K [01;31m[Kerror: [m[Kexpected â€˜[01m[K)[m[Kâ€™ before â€˜[01m[K&[m[Kâ€™ token
[3.326s]   103 |     } catch [34m[K([m[Ktf2::TransformException[01;31m[K [m[K[32m[K&[m[K e) {
[3.326s]       |             [34m[K~[m[K                       [01;31m[K^[m[K[32m[K~[m[K
[3.326s]       |                                     [32m[K)[m[K
[3.326s] [01m[K/home/suke/chicken_core/src/localization/ekf_localization/src/ekf_localization_component.cpp:103:38:[m[K [01;31m[Kerror: [m[Kexpected â€˜[01m[K{[m[Kâ€™ before â€˜[01m[K&[m[Kâ€™ token
[3.326s]   103 |     } catch (tf2::TransformException [01;31m[K&[m[K e) {
[3.326s]       |                                      [01;31m[K^[m[K
[3.331s] [01m[K/home/suke/chicken_core/src/localization/ekf_localization/src/ekf_localization_component.cpp:103:40:[m[K [01;31m[Kerror: [m[Kâ€˜[01m[Ke[m[Kâ€™ was not declared in this scope
[3.331s]   103 |     } catch (tf2::TransformException & [01;31m[Ke[m[K) {
[3.331s]       |                                        [01;31m[K^[m[K
[3.331s] [01m[K/home/suke/chicken_core/src/localization/ekf_localization/src/ekf_localization_component.cpp:106:7:[m[K [01;31m[Kerror: [m[Kexpected primary-expression before â€˜[01m[Kcatch[m[Kâ€™
[3.331s]   106 |     } [01;31m[Kcatch[m[K (std::runtime_error & e) {
[3.331s]       |       [01;31m[K^~~~~[m[K
[3.338s] [01m[K/home/suke/chicken_core/src/localization/ekf_localization/src/ekf_localization_component.cpp:[m[K In member function â€˜[01m[Kvoid ekf_localization::ExtendedKalmanFilter::predictUpdate(nav_msgs::msg::Odometry_<std::allocator<void> >::SharedPtr)[m[Kâ€™:
[3.338s] [01m[K/home/suke/chicken_core/src/localization/ekf_localization/src/ekf_localization_component.cpp:132:31:[m[K [01;31m[Kerror: [m[Kâ€˜[01m[Kold_timestamp[m[Kâ€™ was not declared in this scope; did you mean â€˜[01m[Kodomtimestamp[m[Kâ€™?
[3.338s]   132 |   double dt = odomtimestamp - [01;31m[Kold_timestamp[m[K
[3.338s]       |                               [01;31m[K^~~~~~~~~~~~~[m[K
[3.338s]       |                               [32m[Kodomtimestamp[m[K
[3.340s] [01m[K/home/suke/chicken_core/src/localization/ekf_localization/src/ekf_localization_component.cpp:138:35:[m[K [01;31m[Kerror: [m[Kâ€˜[01m[Kusing _twist_type = struct geometry_msgs::msg::Twist_<std::allocator<void> >[m[Kâ€™ {aka â€˜[01m[Kstruct geometry_msgs::msg::Twist_<std::allocator<void> >[m[Kâ€™} has no member named â€˜[01m[Kangle[m[Kâ€™; did you mean â€˜[01m[Kangular[m[Kâ€™?
[3.340s]   138 |   double theta = msg->twist.twist.[01;31m[Kangle[m[K.z;
[3.340s]       |                                   [01;31m[K^~~~~[m[K
[3.340s]       |                                   [32m[Kangular[m[K
[3.355s] [01m[K/home/suke/chicken_core/src/localization/ekf_localization/src/ekf_localization_component.cpp:141:28:[m[K [01;31m[Kerror: [m[Kâ€˜[01m[Kdt_[m[Kâ€™ was not declared in this scope; did you mean â€˜[01m[Kdt[m[Kâ€™?
[3.355s]   141 |   F << 1, 0, -v*sin(theta)*[01;31m[Kdt_[m[K ,
[3.355s]       |                            [01;31m[K^~~[m[K
[3.355s]       |                            [32m[Kdt[m[K
[3.359s] [01m[K/home/suke/chicken_core/src/localization/ekf_localization/src/ekf_localization_component.cpp:146:3:[m[K [01;31m[Kerror: [m[Kâ€˜[01m[KP[m[Kâ€™ was not declared in this scope
[3.359s]   146 |   [01;31m[KP[m[K = F * P * F.transpose() + Q;
[3.359s]       |   [01;31m[K^[m[K
[3.368s] [01m[K/home/suke/chicken_core/src/localization/ekf_localization/src/ekf_localization_component.cpp:132:10:[m[K [01;35m[Kwarning: [m[Kunused variable â€˜[01m[Kdt[m[Kâ€™ [[01;35m[K]8;;https://gcc.gnu.org/onlinedocs/gcc/Warning-Options.html#index-Wunused-variable-Wunused-variable]8;;[m[K]
[3.368s]   132 |   double [01;35m[Kdt[m[K = odomtimestamp - old_timestamp
[3.368s]       |          [01;35m[K^~[m[K
[3.368s] [01m[K/home/suke/chicken_core/src/localization/ekf_localization/src/ekf_localization_component.cpp:[m[K In member function â€˜[01m[Kvoid ekf_localization::ExtendedKalmanFilter::measurementUpdate(sensor_msgs::msg::Imu)[m[Kâ€™:
[3.368s] [01m[K/home/suke/chicken_core/src/localization/ekf_localization/src/ekf_localization_component.cpp:162:21:[m[K [01;31m[Kerror: [m[Kbase operand of â€˜[01m[K->[m[Kâ€™ has non-pointer type â€˜[01m[Ksensor_msgs::msg::Imu[m[Kâ€™ {aka â€˜[01m[Ksensor_msgs::msg::Imu_<std::allocator<void> >[m[Kâ€™}
[3.368s]   162 |   imutimestamp = msg[01;31m[K->[m[Kheader.stamp;
[3.368s]       |                     [01;31m[K^~[m[K
[3.375s] [01m[K/home/suke/chicken_core/src/localization/ekf_localization/src/ekf_localization_component.cpp:163:30:[m[K [01;31m[Kerror: [m[Kâ€˜[01m[Kold_timestamp[m[Kâ€™ was not declared in this scope; did you mean â€˜[01m[Kodomtimestamp[m[Kâ€™?
[3.375s]   163 |   double dt = imutimestamp - [01;31m[Kold_timestamp[m[K;
[3.375s]       |                              [01;31m[K^~~~~~~~~~~~~[m[K
[3.375s]       |                              [32m[Kodomtimestamp[m[K
[3.375s] [01m[K/home/suke/chicken_core/src/localization/ekf_localization/src/ekf_localization_component.cpp:166:12:[m[K [01;31m[Kerror: [m[Kexpected initializer before â€˜[01m[K+=[m[Kâ€™ token
[3.375s]   166 |   double v [01;31m[K+=[m[K u(0)*dt
[3.375s]       |            [01;31m[K^~[m[K
[3.380s] [01m[K/home/suke/chicken_core/src/localization/ekf_localization/src/ekf_localization_component.cpp:168:15:[m[K [01;31m[Kerror: [m[Kâ€˜[01m[Kv[m[Kâ€™ was not declared in this scope
[3.380s]   168 |   double dx = [01;31m[Kv[m[K*cos(theta);
[3.380s]       |               [01;31m[K^[m[K
[3.385s] [01m[K/home/suke/chicken_core/src/localization/ekf_localization/src/ekf_localization_component.cpp:168:21:[m[K [01;31m[Kerror: [m[Kâ€˜[01m[Ktheta[m[Kâ€™ was not declared in this scope
[3.385s]   168 |   double dx = v*cos([01;31m[Ktheta[m[K);
[3.385s]       |                     [01;31m[K^~~~~[m[K
[3.390s] [01m[K/home/suke/chicken_core/src/localization/ekf_localization/src/ekf_localization_component.cpp:170:19:[m[K [01;31m[Kerror: [m[Kâ€˜[01m[Ku[m[Kâ€™ was not declared in this scope
[3.390s]   170 |   double dtheta = [01;31m[Ku[m[K(5);
[3.390s]       |                   [01;31m[K^[m[K
[3.394s] [01m[K/home/suke/chicken_core/src/localization/ekf_localization/src/ekf_localization_component.cpp:171:3:[m[K [01;31m[Kerror: [m[Kâ€˜[01m[KZ[m[Kâ€™ was not declared in this scope
[3.395s]   171 |   [01;31m[KZ[m[K(0) = x + dx * dt;
[3.395s]       |   [01;31m[K^[m[K
[3.399s] [01m[K/home/suke/chicken_core/src/localization/ekf_localization/src/ekf_localization_component.cpp:171:10:[m[K [01;31m[Kerror: [m[Kâ€˜[01m[Kx[m[Kâ€™ was not declared in this scope; did you mean â€˜[01m[Kdx[m[Kâ€™?
[3.399s]   171 |   Z(0) = [01;31m[Kx[m[K + dx * dt;
[3.399s]       |          [01;31m[K^[m[K
[3.399s]       |          [32m[Kdx[m[K
[3.403s] [01m[K/home/suke/chicken_core/src/localization/ekf_localization/src/ekf_localization_component.cpp:172:10:[m[K [01;31m[Kerror: [m[Kâ€˜[01m[Ky[m[Kâ€™ was not declared in this scope; did you mean â€˜[01m[Kyn[m[Kâ€™?
[3.403s]   172 |   Z(1) = [01;31m[Ky[m[K + dy * dt;
[3.403s]       |          [01;31m[K^[m[K
[3.403s]       |          [32m[Kyn[m[K
[3.407s] [01m[K/home/suke/chicken_core/src/localization/ekf_localization/src/ekf_localization_component.cpp:177:28:[m[K [01;31m[Kerror: [m[Kâ€˜[01m[Kdt_[m[Kâ€™ was not declared in this scope; did you mean â€˜[01m[Kdt[m[Kâ€™?
[3.407s]   177 |   H << 1, 0, -v*sin(theta)*[01;31m[Kdt_[m[K ,
[3.407s]       |                            [01;31m[K^~~[m[K
[3.407s]       |                            [32m[Kdt[m[K
[3.433s] [01m[K/home/suke/chicken_core/src/localization/ekf_localization/src/ekf_localization_component.cpp:183:3:[m[K [01;31m[Kerror: [m[Kâ€˜[01m[KVectorXdy[m[Kâ€™ was not declared in this scope
[3.433s]   183 |   [01;31m[KVectorXdy[m[K = Z - h * X;
[3.433s]       |   [01;31m[K^~~~~~~~~[m[K
[3.448s] [01m[K/home/suke/chicken_core/src/localization/ekf_localization/src/ekf_localization_component.cpp:186:20:[m[K [01;31m[Kerror: [m[Kâ€˜[01m[KP[m[Kâ€™ was not declared in this scope
[3.448s]   186 |   MatrixXd S = H * [01;31m[KP[m[K * H.transpose() + R;
[3.448s]       |                    [01;31m[K^[m[K
[7.178s] gmake[2]: *** [CMakeFiles/ekf_localization_component.dir/build.make:76: CMakeFiles/ekf_localization_component.dir/src/ekf_localization_component.cpp.o] Error 1
[7.178s] gmake[1]: *** [CMakeFiles/Makefile2:137: CMakeFiles/ekf_localization_component.dir/all] Error 2
[7.178s] gmake: *** [Makefile:146: all] Error 2
[7.181s] Invoked command in '/home/suke/chicken_core/build/ekf_localization' returned '2': CMAKE_PREFIX_PATH=${CMAKE_PREFIX_PATH}:/home/suke/ouxt_automation/robotx_ws/install/opencv_tests:/home/suke/ouxt_automation/robotx_ws/install/detic_onnx_ros2:/opt/ros/humble /usr/bin/cmake --build /home/suke/chicken_core/build/ekf_localization -- -j12 -l12
