[0.016s] Invoking command in '/home/suke/chicken_core/build/ekf_localization': CMAKE_PREFIX_PATH=${CMAKE_PREFIX_PATH}:/home/suke/ouxt_automation/robotx_ws/install/opencv_tests:/home/suke/ouxt_automation/robotx_ws/install/detic_onnx_ros2:/opt/ros/humble /usr/bin/cmake --build /home/suke/chicken_core/build/ekf_localization -- -j12 -l12
[0.071s] [35m[1mConsolidate compiler generated dependencies of target ekf_localization_component[0m
[0.095s] [ 50%] [32mBuilding CXX object CMakeFiles/ekf_localization_component.dir/src/ekf_localization_component.cpp.o[0m
[7.468s] In file included from [01m[K/home/suke/chicken_core/src/localization/ekf_localization/src/ekf_localization_component.cpp:4[m[K:
[7.468s] [01m[K/home/suke/chicken_core/src/localization/ekf_localization/include/ekf_localization/ekf_localization_component.hpp:32:3:[m[K [01;31m[Kerror: [m[Kâ€˜[01m[KMatrixXd[m[Kâ€™ does not name a type
[7.468s]    32 |   [01;31m[KMatrixXd[m[K Q = MatrixXd::Zero(3, 3);
[7.468s]       |   [01;31m[K^~~~~~~~[m[K
[7.468s] [01m[K/home/suke/chicken_core/src/localization/ekf_localization/include/ekf_localization/ekf_localization_component.hpp:33:3:[m[K [01;31m[Kerror: [m[Kâ€˜[01m[KMatrixXd[m[Kâ€™ does not name a type
[7.468s]    33 |   [01;31m[KMatrixXd[m[K R = MatrixXd::Zero(3, 3);
[7.469s]       |   [01;31m[K^~~~~~~~[m[K
[7.469s] [01m[K/home/suke/chicken_core/src/localization/ekf_localization/include/ekf_localization/ekf_localization_component.hpp:36:3:[m[K [01;31m[Kerror: [m[Kâ€˜[01m[KMatrixXd[m[Kâ€™ does not name a type
[7.469s]    36 |   [01;31m[KMatrixXd[m[K P = MatrixXd::Zero(3, 3);
[7.469s]       |   [01;31m[K^~~~~~~~[m[K
[7.469s] [01m[K/home/suke/chicken_core/src/localization/ekf_localization/include/ekf_localization/ekf_localization_component.hpp:57:41:[m[K [01;31m[Kerror: [m[Kâ€˜[01m[KPoseWithCovarianceStamped[m[Kâ€™ is not a member of â€˜[01m[Kgeometry_msgs::msg[m[Kâ€™; did you mean â€˜[01m[KTwistWithCovarianceStamped[m[Kâ€™?
[7.469s]    57 |   rclcpp::Publisher<geometry_msgs::msg::[01;31m[KPoseWithCovarianceStamped[m[K>::SharedPtr ekf_pose_publisher_;
[7.469s]       |                                         [01;31m[K^~~~~~~~~~~~~~~~~~~~~~~~~[m[K
[7.469s]       |                                         [32m[KTwistWithCovarianceStamped[m[K
[7.470s] [01m[K/home/suke/chicken_core/src/localization/ekf_localization/include/ekf_localization/ekf_localization_component.hpp:57:66:[m[K [01;31m[Kerror: [m[Ktemplate argument 1 is invalid
[7.470s]    57 |   rclcpp::Publisher<geometry_msgs::msg::PoseWithCovarianceStamped[01;31m[K>[m[K::SharedPtr ekf_pose_publisher_;
[7.470s]       |                                                                  [01;31m[K^[m[K
[7.470s] [01m[K/home/suke/chicken_core/src/localization/ekf_localization/include/ekf_localization/ekf_localization_component.hpp:57:69:[m[K [01;31m[Kerror: [m[Kexpected â€˜[01m[K;[m[Kâ€™ at end of member declaration
[7.470s]    57 |   rclcpp::Publisher<geometry_msgs::msg::PoseWithCovarianceStamped>::[01;31m[KSharedPtr[m[K ekf_pose_publisher_;
[7.470s]       |                                                                     [01;31m[K^~~~~~~~~[m[K
[7.470s]       |                                                                              [32m[K;[m[K
[7.471s] [01m[K/home/suke/chicken_core/src/localization/ekf_localization/include/ekf_localization/ekf_localization_component.hpp:57:79:[m[K [01;31m[Kerror: [m[Kâ€˜[01m[Kekf_pose_publisher_[m[Kâ€™ does not name a type
[7.471s]    57 |   rclcpp::Publisher<geometry_msgs::msg::PoseWithCovarianceStamped>::SharedPtr [01;31m[Kekf_pose_publisher_[m[K;
[7.471s]       |                                                                               [01;31m[K^~~~~~~~~~~~~~~~~~~[m[K
[7.471s] [01m[K/home/suke/chicken_core/src/localization/ekf_localization/src/ekf_localization_component.cpp:[m[K In constructor â€˜[01m[Kekf_localization::ExtendedKalmanFilter::ExtendedKalmanFilter(const rclcpp::NodeOptions&)[m[Kâ€™:
[7.471s] [01m[K/home/suke/chicken_core/src/localization/ekf_localization/src/ekf_localization_component.cpp:12:44:[m[K [01;31m[Kerror: [m[Kclass â€˜[01m[Kekf_localization::ExtendedKalmanFilter[m[Kâ€™ does not have any field named â€˜[01m[Kbroadcaster_[m[Kâ€™
[7.471s]    12 | : Node("extended_kalman_filter", options), [01;31m[Kbroadcaster_[m[K(this)
[7.472s]       |                                            [01;31m[K^~~~~~~~~~~~[m[K
[7.473s] [01m[K/home/suke/chicken_core/src/localization/ekf_localization/src/ekf_localization_component.cpp:40:3:[m[K [01;31m[Kerror: [m[Kâ€˜[01m[Kekf_pose_publisher_[m[Kâ€™ was not declared in this scope
[7.473s]    40 |   [01;31m[Kekf_pose_publisher_[m[K = this->create_publisher<geometry_msgs::msg::PoseWithCovarianceStamped>("/estimated_pose", 10);
[7.473s]       |   [01;31m[K^~~~~~~~~~~~~~~~~~~[m[K
[7.474s] [01m[K/home/suke/chicken_core/src/localization/ekf_localization/src/ekf_localization_component.cpp:40:68:[m[K [01;31m[Kerror: [m[Kâ€˜[01m[KPoseWithCovarianceStamped[m[Kâ€™ is not a member of â€˜[01m[Kgeometry_msgs::msg[m[Kâ€™; did you mean â€˜[01m[KTwistWithCovarianceStamped[m[Kâ€™?
[7.474s]    40 |   ekf_pose_publisher_ = this->create_publisher<geometry_msgs::msg::[01;31m[KPoseWithCovarianceStamped[m[K>("/estimated_pose", 10);
[7.474s]       |                                                                    [01;31m[K^~~~~~~~~~~~~~~~~~~~~~~~~[m[K
[7.474s]       |                                                                    [32m[KTwistWithCovarianceStamped[m[K
[7.474s] [01m[K/home/suke/chicken_core/src/localization/ekf_localization/src/ekf_localization_component.cpp:40:94:[m[K [01;31m[Kerror: [m[Kno matching function for call to â€˜[01m[Kekf_localization::ExtendedKalmanFilter::create_publisher<<expression error> >(const char [16], int)[m[Kâ€™
[7.474s]    40 |   ekf_pose_publisher_ = [01;31m[Kthis->create_publisher<geometry_msgs::msg::PoseWithCovarianceStamped>("/estimated_pose", 10)[m[K;
[7.474s]       |                         [01;31m[K~~~~~~~~~~~~~~~~~~~~~~~~~~~~~~~~~~~~~~~~~~~~~~~~~~~~~~~~~~~~~~~~~~~~~^~~~~~~~~~~~~~~~~~~~~~~[m[K
[7.474s] In file included from [01m[K/opt/ros/humble/include/rclcpp/rclcpp/executors/single_threaded_executor.hpp:28[m[K,
[7.474s]                  from [01m[K/opt/ros/humble/include/rclcpp/rclcpp/executors.hpp:22[m[K,
[7.474s]                  from [01m[K/opt/ros/humble/include/rclcpp/rclcpp/rclcpp.hpp:155[m[K,
[7.474s]                  from [01m[K/home/suke/chicken_core/src/localization/ekf_localization/src/ekf_localization_component.cpp:3[m[K:
[7.474s] [01m[K/opt/ros/humble/include/rclcpp/rclcpp/node.hpp:195:3:[m[K [01;36m[Knote: [m[Kcandidate: â€˜[01m[Ktemplate<class MessageT, class AllocatorT, class PublisherT> std::shared_ptr<PublisherT> rclcpp::Node::create_publisher(const string&, const rclcpp::QoS&, const rclcpp::PublisherOptionsWithAllocator<AllocatorT>&)[m[Kâ€™
[7.474s]   195 |   [01;36m[Kcreate_publisher[m[K(
[7.474s]       |   [01;36m[K^~~~~~~~~~~~~~~~[m[K
[7.474s] [01m[K/opt/ros/humble/include/rclcpp/rclcpp/node.hpp:195:3:[m[K [01;36m[Knote: [m[K  template argument deduction/substitution failed:
[7.475s] [01m[K/home/suke/chicken_core/src/localization/ekf_localization/src/ekf_localization_component.cpp:40:94:[m[K [01;31m[Kerror: [m[Ktemplate argument 1 is invalid
[7.475s]    40 |   ekf_pose_publisher_ = [01;31m[Kthis->create_publisher<geometry_msgs::msg::PoseWithCovarianceStamped>("/estimated_pose", 10)[m[K;
[7.475s]       |                         [01;31m[K~~~~~~~~~~~~~~~~~~~~~~~~~~~~~~~~~~~~~~~~~~~~~~~~~~~~~~~~~~~~~~~~~~~~~^~~~~~~~~~~~~~~~~~~~~~~[m[K
[7.475s] [01m[K/home/suke/chicken_core/src/localization/ekf_localization/src/ekf_localization_component.cpp:52:3:[m[K [01;31m[Kerror: [m[Kâ€˜[01m[KP[m[Kâ€™ was not declared in this scope
[7.475s]    52 |   [01;31m[KP[m[K(0, 0) = 0;
[7.475s]       |   [01;31m[K^[m[K
[7.475s] [01m[K/home/suke/chicken_core/src/localization/ekf_localization/src/ekf_localization_component.cpp:57:3:[m[K [01;31m[Kerror: [m[Kâ€˜[01m[KQ[m[Kâ€™ was not declared in this scope
[7.475s]    57 |   [01;31m[KQ[m[K(0, 0) = var_odom_xyz_;  // Process noise for x
[7.475s]       |   [01;31m[K^[m[K
[7.475s] [01m[K/home/suke/chicken_core/src/localization/ekf_localization/src/ekf_localization_component.cpp:62:3:[m[K [01;31m[Kerror: [m[Kâ€˜[01m[KR[m[Kâ€™ was not declared in this scope
[7.475s]    62 |   [01;31m[KR[m[K(0, 0) = var_imu_w_;   // Process noise for x
[7.475s]       |   [01;31m[K^[m[K
[7.475s] [01m[K/home/suke/chicken_core/src/localization/ekf_localization/src/ekf_localization_component.cpp:[m[K In member function â€˜[01m[Kvoid ekf_localization::ExtendedKalmanFilter::predictUpdate(const Odometry&)[m[Kâ€™:
[7.476s] [01m[K/home/suke/chicken_core/src/localization/ekf_localization/src/ekf_localization_component.cpp:163:3:[m[K [01;31m[Kerror: [m[Kâ€˜[01m[KP[m[Kâ€™ was not declared in this scope
[7.476s]   163 |   [01;31m[KP[m[K = F * P * F.transpose() + Q;
[7.476s]       |   [01;31m[K^[m[K
[7.476s] [01m[K/home/suke/chicken_core/src/localization/ekf_localization/src/ekf_localization_component.cpp:163:31:[m[K [01;31m[Kerror: [m[Kâ€˜[01m[KQ[m[Kâ€™ was not declared in this scope
[7.476s]   163 |   P = F * P * F.transpose() + [01;31m[KQ[m[K;
[7.476s]       |                               [01;31m[K^[m[K
[7.476s] [01m[K/home/suke/chicken_core/src/localization/ekf_localization/src/ekf_localization_component.cpp:[m[K In member function â€˜[01m[Kvoid ekf_localization::ExtendedKalmanFilter::measurementUpdate(const Imu&)[m[Kâ€™:
[7.476s] [01m[K/home/suke/chicken_core/src/localization/ekf_localization/src/ekf_localization_component.cpp:204:20:[m[K [01;31m[Kerror: [m[Kâ€˜[01m[KP[m[Kâ€™ was not declared in this scope
[7.476s]   204 |   MatrixXd S = H * [01;31m[KP[m[K * H.transpose() + R;
[7.476s]       |                    [01;31m[K^[m[K
[7.476s] [01m[K/home/suke/chicken_core/src/localization/ekf_localization/src/ekf_localization_component.cpp:204:40:[m[K [01;31m[Kerror: [m[Kâ€˜[01m[KR[m[Kâ€™ was not declared in this scope
[7.476s]   204 |   MatrixXd S = H * P * H.transpose() + [01;31m[KR[m[K;
[7.477s]       |                                        [01;31m[K^[m[K
[7.477s] [01m[K/home/suke/chicken_core/src/localization/ekf_localization/src/ekf_localization_component.cpp:211:3:[m[K [01;31m[Kerror: [m[Kâ€˜[01m[Kpose_ekf[m[Kâ€™ was not declared in this scope
[7.477s]   211 |   [01;31m[Kpose_ekf[m[K.header.frame_id = map_frame_id_;
[7.477s]       |   [01;31m[K^~~~~~~~[m[K
[7.477s] [01m[K/home/suke/chicken_core/src/localization/ekf_localization/src/ekf_localization_component.cpp:211:30:[m[K [01;31m[Kerror: [m[Kâ€˜[01m[Kmap_frame_id_[m[Kâ€™ was not declared in this scope; did you mean â€˜[01m[Krobot_frame_id_[m[Kâ€™?
[7.477s]   211 |   pose_ekf.header.frame_id = [01;31m[Kmap_frame_id_[m[K;
[7.477s]       |                              [01;31m[K^~~~~~~~~~~~~[m[K
[7.477s]       |                              [32m[Krobot_frame_id_[m[K
[7.477s] [01m[K/home/suke/chicken_core/src/localization/ekf_localization/src/ekf_localization_component.cpp:212:36:[m[K [01;31m[Kerror: [m[Kâ€˜[01m[Kx[m[Kâ€™ cannot be used as a function
[7.477s]   212 |   pose_ekf.pose.pose.position.x = [01;31m[Kx(0)[m[K;
[7.477s]       |                                   [01;31m[K~^~~[m[K
[7.477s] [01m[K/home/suke/chicken_core/src/localization/ekf_localization/src/ekf_localization_component.cpp:213:36:[m[K [01;31m[Kerror: [m[Kâ€˜[01m[Kx[m[Kâ€™ cannot be used as a function
[7.477s]   213 |   pose_ekf.pose.pose.position.y = [01;31m[Kx(1)[m[K;
[7.477s]       |                                   [01;31m[K~^~~[m[K
[7.477s] [01m[K/home/suke/chicken_core/src/localization/ekf_localization/src/ekf_localization_component.cpp:214:36:[m[K [01;31m[Kerror: [m[Kâ€˜[01m[Kx[m[Kâ€™ cannot be used as a function
[7.478s]   214 |   pose_ekf.pose.pose.position.z = [01;31m[Kx(2)[m[K;
[7.478s]       |                                   [01;31m[K~^~~[m[K
[7.478s] [01m[K/home/suke/chicken_core/src/localization/ekf_localization/src/ekf_localization_component.cpp:228:7:[m[K [01;31m[Kerror: [m[Kâ€˜[01m[Kbroadcast_transform_[m[Kâ€™ was not declared in this scope
[7.478s]   228 |   if ([01;31m[Kbroadcast_transform_[m[K) {
[7.478s]       |       [01;31m[K^~~~~~~~~~~~~~~~~~~~[m[K
[7.478s] [01m[K/home/suke/chicken_core/src/localization/ekf_localization/src/ekf_localization_component.cpp:229:27:[m[K [01;31m[Kerror: [m[Kâ€˜[01m[KTransformStamped[m[Kâ€™ is not a member of â€˜[01m[Kgeometry_msgs::msg[m[Kâ€™
[7.478s]   229 |       geometry_msgs::msg::[01;31m[KTransformStamped[m[K transform_stamped;
[7.478s]       |                           [01;31m[K^~~~~~~~~~~~~~~~[m[K
[7.478s] [01m[K/home/suke/chicken_core/src/localization/ekf_localization/src/ekf_localization_component.cpp:230:7:[m[K [01;31m[Kerror: [m[Kâ€˜[01m[Ktransform_stamped[m[Kâ€™ was not declared in this scope
[7.478s]   230 |       [01;31m[Ktransform_stamped[m[K.header.frame_id = map_frame_id_;
[7.478s]       |       [01;31m[K^~~~~~~~~~~~~~~~~[m[K
[7.478s] [01m[K/home/suke/chicken_core/src/localization/ekf_localization/src/ekf_localization_component.cpp:237:7:[m[K [01;31m[Kerror: [m[Kâ€˜[01m[Kbroadcaster_[m[Kâ€™ was not declared in this scope
[7.478s]   237 |       [01;31m[Kbroadcaster_[m[K.sendTransform(transform_stamped);
[7.478s]       |       [01;31m[K^~~~~~~~~~~~[m[K
[7.479s] gmake[2]: *** [CMakeFiles/ekf_localization_component.dir/build.make:76: CMakeFiles/ekf_localization_component.dir/src/ekf_localization_component.cpp.o] Error 1
[7.479s] gmake[1]: *** [CMakeFiles/Makefile2:137: CMakeFiles/ekf_localization_component.dir/all] Error 2
[7.479s] gmake: *** [Makefile:146: all] Error 2
[7.479s] Invoked command in '/home/suke/chicken_core/build/ekf_localization' returned '2': CMAKE_PREFIX_PATH=${CMAKE_PREFIX_PATH}:/home/suke/ouxt_automation/robotx_ws/install/opencv_tests:/home/suke/ouxt_automation/robotx_ws/install/detic_onnx_ros2:/opt/ros/humble /usr/bin/cmake --build /home/suke/chicken_core/build/ekf_localization -- -j12 -l12
