[0.014s] Invoking command in '/home/suke/chicken_core/build/ekf_localization': CMAKE_PREFIX_PATH=${CMAKE_PREFIX_PATH}:/home/suke/ouxt_automation/robotx_ws/install/opencv_tests:/home/suke/ouxt_automation/robotx_ws/install/detic_onnx_ros2:/opt/ros/humble /usr/bin/cmake --build /home/suke/chicken_core/build/ekf_localization -- -j12 -l12
[0.068s] [35m[1mConsolidate compiler generated dependencies of target ekf_localization_component[0m
[0.093s] [ 50%] [32mBuilding CXX object CMakeFiles/ekf_localization_component.dir/src/ekf_localization_component.cpp.o[0m
[8.053s] [01m[K/home/suke/chicken_core/src/localization/ekf_localization/src/ekf_localization_component.cpp:[m[K In member function â€˜[01m[Kvoid ekf_localization::ExtendedKalmanFilter::measurementUpdate(sensor_msgs::msg::Imu_<std::allocator<void> >::SharedPtr)[m[Kâ€™:
[8.053s] [01m[K/home/suke/chicken_core/src/localization/ekf_localization/src/ekf_localization_component.cpp:174:22:[m[K [01;31m[Kerror: [m[Kâ€˜[01m[Kusing SharedPtr = class std::shared_ptr<sensor_msgs::msg::Imu_<std::allocator<void> > >[m[Kâ€™ {aka â€˜[01m[Kclass std::shared_ptr<sensor_msgs::msg::Imu_<std::allocator<void> > >[m[Kâ€™} has no member named â€˜[01m[Kheader[m[Kâ€™
[8.053s]   174 |   imutimestamp = msg.[01;31m[Kheader[m[K.stamp;
[8.054s]       |                      [01;31m[K^~~~~~[m[K
[8.054s] [01m[K/home/suke/chicken_core/src/localization/ekf_localization/src/ekf_localization_component.cpp:179:12:[m[K [01;31m[Kerror: [m[Kâ€˜[01m[Kusing SharedPtr = class std::shared_ptr<sensor_msgs::msg::Imu_<std::allocator<void> > >[m[Kâ€™ {aka â€˜[01m[Kclass std::shared_ptr<sensor_msgs::msg::Imu_<std::allocator<void> > >[m[Kâ€™} has no member named â€˜[01m[Klinear_acceleration[m[Kâ€™
[8.054s]   179 |   v += msg.[01;31m[Klinear_acceleration[m[K.x*dt;
[8.054s]       |            [01;31m[K^~~~~~~~~~~~~~~~~~~[m[K
[8.054s] [01m[K/home/suke/chicken_core/src/localization/ekf_localization/src/ekf_localization_component.cpp:183:23:[m[K [01;31m[Kerror: [m[Kâ€˜[01m[Kusing SharedPtr = class std::shared_ptr<sensor_msgs::msg::Imu_<std::allocator<void> > >[m[Kâ€™ {aka â€˜[01m[Kclass std::shared_ptr<sensor_msgs::msg::Imu_<std::allocator<void> > >[m[Kâ€™} has no member named â€˜[01m[Kangular_velocity[m[Kâ€™
[8.054s]   183 |   double dtheta = msg.[01;31m[Kangular_velocity[m[K.z;
[8.054s]       |                       [01;31m[K^~~~~~~~~~~~~~~~[m[K
[8.054s] gmake[2]: *** [CMakeFiles/ekf_localization_component.dir/build.make:76: CMakeFiles/ekf_localization_component.dir/src/ekf_localization_component.cpp.o] Error 1
[8.055s] gmake[1]: *** [CMakeFiles/Makefile2:137: CMakeFiles/ekf_localization_component.dir/all] Error 2
[8.055s] gmake: *** [Makefile:146: all] Error 2
[8.057s] Invoked command in '/home/suke/chicken_core/build/ekf_localization' returned '2': CMAKE_PREFIX_PATH=${CMAKE_PREFIX_PATH}:/home/suke/ouxt_automation/robotx_ws/install/opencv_tests:/home/suke/ouxt_automation/robotx_ws/install/detic_onnx_ros2:/opt/ros/humble /usr/bin/cmake --build /home/suke/chicken_core/build/ekf_localization -- -j12 -l12
