[0.019s] Invoking command in '/home/suke/chicken_core/build/ekf_localization': CMAKE_PREFIX_PATH=${CMAKE_PREFIX_PATH}:/home/suke/chicken_core/install/wheelbot_control:/home/suke/chicken_core/install/sensor_bringup:/home/suke/chicken_core/install/joy_translate:/home/suke/Documents/microros_ws/install/sensor_msgs_py:/home/suke/ouxt_automation/robotx_ws/install/opencv_tests:/home/suke/ouxt_automation/robotx_ws/install/detic_onnx_ros2:/opt/ros/humble /usr/bin/cmake --build /home/suke/chicken_core/build/ekf_localization -- -j12 -l12
[0.089s] [35m[1mConsolidate compiler generated dependencies of target ekf_localization_component[0m
[0.115s] [ 50%] [32mBuilding CXX object CMakeFiles/ekf_localization_component.dir/src/ekf_localization_component.cpp.o[0m
[10.628s] In file included from [01m[K/home/suke/chicken_core/src/localization/ekf_localization/src/ekf_localization_component.cpp:4[m[K:
[10.628s] [01m[K/home/suke/chicken_core/src/localization/ekf_localization/include/ekf_localization/ekf_localization_component.hpp:57:12:[m[K [01;31m[Kerror: [m[Kâ€˜[01m[KTransformBroadcaster[m[Kâ€™ in namespace â€˜[01m[Ktf2_ros[m[Kâ€™ does not name a type
[10.628s]    57 |   tf2_ros::[01;31m[KTransformBroadcaster[m[K broadcaster_;
[10.628s]       |            [01;31m[K^~~~~~~~~~~~~~~~~~~~[m[K
[10.628s] [01m[K/home/suke/chicken_core/src/localization/ekf_localization/src/ekf_localization_component.cpp:[m[K In constructor â€˜[01m[Kekf_localization::ExtendedKalmanFilter::ExtendedKalmanFilter(const rclcpp::NodeOptions&)[m[Kâ€™:
[10.629s] [01m[K/home/suke/chicken_core/src/localization/ekf_localization/src/ekf_localization_component.cpp:12:44:[m[K [01;31m[Kerror: [m[Kclass â€˜[01m[Kekf_localization::ExtendedKalmanFilter[m[Kâ€™ does not have any field named â€˜[01m[Kbroadcaster_[m[Kâ€™
[10.629s]    12 | : Node("extended_kalman_filter", options), [01;31m[Kbroadcaster_[m[K(this)
[10.629s]       |                                            [01;31m[K^~~~~~~~~~~~[m[K
[10.629s] [01m[K/home/suke/chicken_core/src/localization/ekf_localization/src/ekf_localization_component.cpp:[m[K In member function â€˜[01m[Kvoid ekf_localization::ExtendedKalmanFilter::imu_callback(const Imu&)[m[Kâ€™:
[10.629s] [01m[K/home/suke/chicken_core/src/localization/ekf_localization/src/ekf_localization_component.cpp:107:33:[m[K [01;31m[Kerror: [m[Kbase operand of â€˜[01m[K->[m[Kâ€™ has non-pointer type â€˜[01m[Kconst Imu[m[Kâ€™ {aka â€˜[01m[Kconst sensor_msgs::msg::Imu_<std::allocator<void> >[m[Kâ€™}
[10.629s]   107 |         std::chrono::seconds(msg[01;31m[K->[m[Kheader.stamp.sec) +
[10.629s]       |                                 [01;31m[K^~[m[K
[10.629s] [01m[K/home/suke/chicken_core/src/localization/ekf_localization/src/ekf_localization_component.cpp:108:37:[m[K [01;31m[Kerror: [m[Kbase operand of â€˜[01m[K->[m[Kâ€™ has non-pointer type â€˜[01m[Kconst Imu[m[Kâ€™ {aka â€˜[01m[Kconst sensor_msgs::msg::Imu_<std::allocator<void> >[m[Kâ€™}
[10.629s]   108 |         std::chrono::nanoseconds(msg[01;31m[K->[m[Kheader.stamp.nanosec));
[10.629s]       |                                     [01;31m[K^~[m[K
[10.629s] [01m[K/home/suke/chicken_core/src/localization/ekf_localization/src/ekf_localization_component.cpp:110:9:[m[K [01;31m[Kerror: [m[Kâ€˜[01m[Ktfbuffer_[m[Kâ€™ was not declared in this scope
[10.629s]   110 |         [01;31m[Ktfbuffer_[m[K.lookupTransform(
[10.629s]       |         [01;31m[K^~~~~~~~~[m[K
[10.629s] [01m[K/home/suke/chicken_core/src/localization/ekf_localization/src/ekf_localization_component.cpp:112:12:[m[K [01;31m[Kerror: [m[Kbase operand of â€˜[01m[K->[m[Kâ€™ has non-pointer type â€˜[01m[Kconst Imu[m[Kâ€™ {aka â€˜[01m[Kconst sensor_msgs::msg::Imu_<std::allocator<void> >[m[Kâ€™}
[10.629s]   112 |         msg[01;31m[K->[m[Kheader.frame_id,
[10.630s]       |            [01;31m[K^~[m[K
[10.630s] [01m[K/home/suke/chicken_core/src/localization/ekf_localization/src/ekf_localization_component.cpp:[m[K In member function â€˜[01m[Kvoid ekf_localization::ExtendedKalmanFilter::measurementUpdate(const Imu&)[m[Kâ€™:
[10.630s] [01m[K/home/suke/chicken_core/src/localization/ekf_localization/src/ekf_localization_component.cpp:245:7:[m[K [01;31m[Kerror: [m[Kâ€˜[01m[Kbroadcaster_[m[Kâ€™ was not declared in this scope
[10.630s]   245 |       [01;31m[Kbroadcaster_[m[K.sendTransform(transform_stamped);
[10.630s]       |       [01;31m[K^~~~~~~~~~~~[m[K
[10.630s] gmake[2]: *** [CMakeFiles/ekf_localization_component.dir/build.make:76: CMakeFiles/ekf_localization_component.dir/src/ekf_localization_component.cpp.o] Error 1
[10.630s] gmake[1]: *** [CMakeFiles/Makefile2:137: CMakeFiles/ekf_localization_component.dir/all] Error 2
[10.630s] gmake: *** [Makefile:146: all] Error 2
[10.632s] Invoked command in '/home/suke/chicken_core/build/ekf_localization' returned '2': CMAKE_PREFIX_PATH=${CMAKE_PREFIX_PATH}:/home/suke/chicken_core/install/wheelbot_control:/home/suke/chicken_core/install/sensor_bringup:/home/suke/chicken_core/install/joy_translate:/home/suke/Documents/microros_ws/install/sensor_msgs_py:/home/suke/ouxt_automation/robotx_ws/install/opencv_tests:/home/suke/ouxt_automation/robotx_ws/install/detic_onnx_ros2:/opt/ros/humble /usr/bin/cmake --build /home/suke/chicken_core/build/ekf_localization -- -j12 -l12
