[01m[K/home/suke/chicken_core/src/planner/pure_pursuit_planner/src/pure_pursuit_planner_component.cpp:[m[K In function â€˜[01m[Kint main(int, char**)[m[Kâ€™:
[01m[K/home/suke/chicken_core/src/planner/pure_pursuit_planner/src/pure_pursuit_planner_component.cpp:170:32:[m[K [01;31m[Kerror: [m[Kâ€˜[01m[KPurePursuitNod[m[Kâ€™ was not declared in this scope; did you mean â€˜[01m[KPurePursuitNode[m[Kâ€™?
  170 |   auto node = std::make_shared<[01;31m[KPurePursuitNod[m[K>(options);
      |                                [01;31m[K^~~~~~~~~~~~~~[m[K
      |                                [32m[KPurePursuitNode[m[K
[01m[K/home/suke/chicken_core/src/planner/pure_pursuit_planner/src/pure_pursuit_planner_component.cpp:170:47:[m[K [01;31m[Kerror: [m[Kno matching function for call to â€˜[01m[Kmake_shared<<expression error> >(rclcpp::NodeOptions&)[m[Kâ€™
  170 |   auto node = [01;31m[Kstd::make_shared<PurePursuitNod>(options)[m[K;
      |               [01;31m[K~~~~~~~~~~~~~~~~~~~~~~~~~~~~~~~~^~~~~~~~~[m[K
In file included from [01m[K/usr/include/c++/11/memory:77[m[K,
                 from [01m[K/opt/ros/humble/include/rclcpp/rclcpp/rclcpp.hpp:153[m[K,
                 from [01m[K/home/suke/chicken_core/src/planner/pure_pursuit_planner/include/pure_pursuit_planner/pure_pursuit_planner_component.hpp:4[m[K,
                 from [01m[K/home/suke/chicken_core/src/planner/pure_pursuit_planner/src/pure_pursuit_planner_component.cpp:1[m[K:
[01m[K/usr/include/c++/11/bits/shared_ptr.h:875:5:[m[K [01;36m[Knote: [m[Kcandidate: â€˜[01m[Ktemplate<class _Tp, class ... _Args> std::shared_ptr<_Tp> std::make_shared(_Args&& ...)[m[Kâ€™
  875 |     [01;36m[Kmake_shared[m[K(_Args&&... __args)
      |     [01;36m[K^~~~~~~~~~~[m[K
[01m[K/usr/include/c++/11/bits/shared_ptr.h:875:5:[m[K [01;36m[Knote: [m[K  template argument deduction/substitution failed:
[01m[K/home/suke/chicken_core/src/planner/pure_pursuit_planner/src/pure_pursuit_planner_component.cpp:170:47:[m[K [01;31m[Kerror: [m[Ktemplate argument 1 is invalid
  170 |   auto node = [01;31m[Kstd::make_shared<PurePursuitNod>(options)[m[K;
      |               [01;31m[K~~~~~~~~~~~~~~~~~~~~~~~~~~~~~~~~^~~~~~~~~[m[K
gmake[2]: *** [CMakeFiles/pure_pursuit_planner.dir/build.make:76: CMakeFiles/pure_pursuit_planner.dir/src/pure_pursuit_planner_component.cpp.o] Error 1
gmake[1]: *** [CMakeFiles/Makefile2:137: CMakeFiles/pure_pursuit_planner.dir/all] Error 2
gmake: *** [Makefile:146: all] Error 2
