[0.019s] Invoking command in '/home/suke/chicken_core/build/pure_pursuit_planner': CMAKE_PREFIX_PATH=${CMAKE_PREFIX_PATH}:/home/suke/chicken_core/install/wheelbot_control:/home/suke/chicken_core/install/sensor_bringup:/home/suke/chicken_core/install/joy_translate:/home/suke/Documents/microros_ws/install/sensor_msgs_py:/home/suke/ouxt_automation/robotx_ws/install/opencv_tests:/home/suke/ouxt_automation/robotx_ws/install/detic_onnx_ros2:/opt/ros/humble /usr/bin/cmake --build /home/suke/chicken_core/build/pure_pursuit_planner -- -j12 -l12
[0.057s] -- Found ament_cmake: 1.3.10 (/opt/ros/humble/share/ament_cmake/cmake)
[0.246s] -- Override CMake install command with custom implementation using symlinks instead of copying resources
[0.255s] -- Found rclcpp: 16.0.10 (/opt/ros/humble/share/rclcpp/cmake)
[0.286s] -- Found rosidl_generator_c: 3.1.5 (/opt/ros/humble/share/rosidl_generator_c/cmake)
[0.288s] -- Found rosidl_adapter: 3.1.5 (/opt/ros/humble/share/rosidl_adapter/cmake)
[0.294s] -- Found rosidl_generator_cpp: 3.1.5 (/opt/ros/humble/share/rosidl_generator_cpp/cmake)
[0.309s] -- Using all available rosidl_typesupport_c: rosidl_typesupport_microxrcedds_c;rosidl_typesupport_fastrtps_c;rosidl_typesupport_introspection_c
[0.330s] -- Using all available rosidl_typesupport_cpp: rosidl_typesupport_microxrcedds_cpp;rosidl_typesupport_fastrtps_cpp;rosidl_typesupport_introspection_cpp
[0.373s] -- Found rmw_implementation_cmake: 6.1.2 (/opt/ros/humble/share/rmw_implementation_cmake/cmake)
[0.381s] -- Found rmw_cyclonedds_cpp: 1.3.4 (/opt/ros/humble/share/rmw_cyclonedds_cpp/cmake)
[0.405s] -- Using RMW implementation 'rmw_cyclonedds_cpp' as default
[0.458s] -- Found geometry_msgs: 4.2.4 (/opt/ros/humble/share/geometry_msgs/cmake)
[0.473s] -- Found nav_msgs: 4.2.4 (/opt/ros/humble/share/nav_msgs/cmake)
[0.492s] -- Found tf2_geometry_msgs: 0.25.7 (/opt/ros/humble/share/tf2_geometry_msgs/cmake)
[0.495s] -- Found eigen3_cmake_module: 0.1.1 (/opt/ros/humble/share/eigen3_cmake_module/cmake)
[0.497s] -- Ensuring Eigen3 include directory is part of orocos-kdl CMake target
[0.599s] -- Found ament_lint_auto: 0.12.11 (/opt/ros/humble/share/ament_lint_auto/cmake)
[0.708s] -- Added test 'cppcheck' to perform static code analysis on C / C++ code
[0.709s] -- Configured cppcheck include dirs: /home/suke/chicken_core/src/planner/pure_pursuit_planner/include
[0.709s] -- Configured cppcheck exclude dirs and/or files: 
[0.709s] -- Added test 'flake8' to check Python code syntax and style conventions
[0.710s] -- Added test 'lint_cmake' to check CMake code style
[0.710s] -- Added test 'pep257' to check Python code against some of the docstring style conventions in PEP 257
[0.712s] -- Added test 'uncrustify' to check C / C++ code style
[0.713s] -- Configured uncrustify additional arguments: 
[0.713s] -- Added test 'xmllint' to check XML markup files
[0.714s] -- Configuring done
[0.724s] -- Generating done
[0.726s] -- Build files have been written to: /home/suke/chicken_core/build/pure_pursuit_planner
[0.766s] [35m[1mConsolidate compiler generated dependencies of target pure_pursuit_planner[0m
[0.790s] [ 50%] [32mBuilding CXX object CMakeFiles/pure_pursuit_planner.dir/src/pure_pursuit_planner_component.cpp.o[0m
[6.771s] [01m[K/home/suke/chicken_core/src/planner/pure_pursuit_planner/src/pure_pursuit_planner_component.cpp:[m[K In function â€˜[01m[Kint main(int, char**)[m[Kâ€™:
[6.771s] [01m[K/home/suke/chicken_core/src/planner/pure_pursuit_planner/src/pure_pursuit_planner_component.cpp:170:32:[m[K [01;31m[Kerror: [m[Kâ€˜[01m[KPurePursuitNod[m[Kâ€™ was not declared in this scope; did you mean â€˜[01m[KPurePursuitNode[m[Kâ€™?
[6.771s]   170 |   auto node = std::make_shared<[01;31m[KPurePursuitNod[m[K>(options);
[6.771s]       |                                [01;31m[K^~~~~~~~~~~~~~[m[K
[6.771s]       |                                [32m[KPurePursuitNode[m[K
[6.771s] [01m[K/home/suke/chicken_core/src/planner/pure_pursuit_planner/src/pure_pursuit_planner_component.cpp:170:47:[m[K [01;31m[Kerror: [m[Kno matching function for call to â€˜[01m[Kmake_shared<<expression error> >(rclcpp::NodeOptions&)[m[Kâ€™
[6.771s]   170 |   auto node = [01;31m[Kstd::make_shared<PurePursuitNod>(options)[m[K;
[6.771s]       |               [01;31m[K~~~~~~~~~~~~~~~~~~~~~~~~~~~~~~~~^~~~~~~~~[m[K
[6.771s] In file included from [01m[K/usr/include/c++/11/memory:77[m[K,
[6.771s]                  from [01m[K/opt/ros/humble/include/rclcpp/rclcpp/rclcpp.hpp:153[m[K,
[6.771s]                  from [01m[K/home/suke/chicken_core/src/planner/pure_pursuit_planner/include/pure_pursuit_planner/pure_pursuit_planner_component.hpp:4[m[K,
[6.771s]                  from [01m[K/home/suke/chicken_core/src/planner/pure_pursuit_planner/src/pure_pursuit_planner_component.cpp:1[m[K:
[6.772s] [01m[K/usr/include/c++/11/bits/shared_ptr.h:875:5:[m[K [01;36m[Knote: [m[Kcandidate: â€˜[01m[Ktemplate<class _Tp, class ... _Args> std::shared_ptr<_Tp> std::make_shared(_Args&& ...)[m[Kâ€™
[6.772s]   875 |     [01;36m[Kmake_shared[m[K(_Args&&... __args)
[6.772s]       |     [01;36m[K^~~~~~~~~~~[m[K
[6.772s] [01m[K/usr/include/c++/11/bits/shared_ptr.h:875:5:[m[K [01;36m[Knote: [m[K  template argument deduction/substitution failed:
[6.772s] [01m[K/home/suke/chicken_core/src/planner/pure_pursuit_planner/src/pure_pursuit_planner_component.cpp:170:47:[m[K [01;31m[Kerror: [m[Ktemplate argument 1 is invalid
[6.772s]   170 |   auto node = [01;31m[Kstd::make_shared<PurePursuitNod>(options)[m[K;
[6.772s]       |               [01;31m[K~~~~~~~~~~~~~~~~~~~~~~~~~~~~~~~~^~~~~~~~~[m[K
[6.772s] gmake[2]: *** [CMakeFiles/pure_pursuit_planner.dir/build.make:76: CMakeFiles/pure_pursuit_planner.dir/src/pure_pursuit_planner_component.cpp.o] Error 1
[6.772s] gmake[1]: *** [CMakeFiles/Makefile2:137: CMakeFiles/pure_pursuit_planner.dir/all] Error 2
[6.772s] gmake: *** [Makefile:146: all] Error 2
[6.774s] Invoked command in '/home/suke/chicken_core/build/pure_pursuit_planner' returned '2': CMAKE_PREFIX_PATH=${CMAKE_PREFIX_PATH}:/home/suke/chicken_core/install/wheelbot_control:/home/suke/chicken_core/install/sensor_bringup:/home/suke/chicken_core/install/joy_translate:/home/suke/Documents/microros_ws/install/sensor_msgs_py:/home/suke/ouxt_automation/robotx_ws/install/opencv_tests:/home/suke/ouxt_automation/robotx_ws/install/detic_onnx_ros2:/opt/ros/humble /usr/bin/cmake --build /home/suke/chicken_core/build/pure_pursuit_planner -- -j12 -l12
