[0.018s] Invoking command in '/home/suke/chicken_core/build/ekf_localization': CMAKE_PREFIX_PATH=${CMAKE_PREFIX_PATH}:/home/suke/ouxt_automation/robotx_ws/install/opencv_tests:/home/suke/ouxt_automation/robotx_ws/install/detic_onnx_ros2:/opt/ros/humble /usr/bin/cmake --build /home/suke/chicken_core/build/ekf_localization -- -j12 -l12
[0.084s] [35m[1mConsolidate compiler generated dependencies of target ekf_localization_component[0m
[0.113s] [ 50%] [32mBuilding CXX object CMakeFiles/ekf_localization_component.dir/src/ekf_localization_component.cpp.o[0m
[8.663s] In file included from [01m[K/home/suke/chicken_core/src/localization/ekf_localization/src/ekf_localization_component.cpp:8[m[K:
[8.663s] [01m[K/home/suke/chicken_core/src/localization/ekf_localization/include/ekf_localization/ekf_localization_component.hpp:26:3:[m[K [01;31m[Kerror: [m[Kâ€˜[01m[Ktimestamp[m[Kâ€™ does not name a type
[8.663s]    26 |   [01;31m[Ktimestamp[m[K;
[8.663s]       |   [01;31m[K^~~~~~~~~[m[K
[8.663s] [01m[K/home/suke/chicken_core/src/localization/ekf_localization/src/ekf_localization_component.cpp:[m[K In member function â€˜[01m[Kvoid ekf_localization::ExtendedKalmanFilter::odom_callback(nav_msgs::msg::Odometry_<std::allocator<void> >::SharedPtr)[m[Kâ€™:
[8.663s] [01m[K/home/suke/chicken_core/src/localization/ekf_localization/src/ekf_localization_component.cpp:77:21:[m[K [01;31m[Kerror: [m[Kcannot convert â€˜[01m[Knav_msgs::msg::Odometry_<std::allocator<void> >::SharedPtr[m[Kâ€™ {aka â€˜[01m[Kstd::shared_ptr<nav_msgs::msg::Odometry_<std::allocator<void> > >[m[Kâ€™} to â€˜[01m[Ksensor_msgs::msg::Imu[m[Kâ€™ {aka â€˜[01m[Ksensor_msgs::msg::Imu_<std::allocator<void> >[m[Kâ€™}
[8.663s]    77 |   measurementUpdate([01;31m[Kmsg[m[K);
[8.663s]       |                     [01;31m[K^~~[m[K
[8.664s]       |                     [01;31m[K|[m[K
[8.664s]       |                     [01;31m[Knav_msgs::msg::Odometry_<std::allocator<void> >::SharedPtr {aka std::shared_ptr<nav_msgs::msg::Odometry_<std::allocator<void> > >}[m[K
[8.664s] In file included from [01m[K/home/suke/chicken_core/src/localization/ekf_localization/src/ekf_localization_component.cpp:8[m[K:
[8.664s] [01m[K/home/suke/chicken_core/src/localization/ekf_localization/include/ekf_localization/ekf_localization_component.hpp:35:48:[m[K [01;36m[Knote: [m[K  initializing argument 1 of â€˜[01m[Kvoid ekf_localization::ExtendedKalmanFilter::measurementUpdate(sensor_msgs::msg::Imu)[m[Kâ€™
[8.664s]    35 |   void measurementUpdate([01;36m[Ksensor_msgs::msg::Imu msg[m[K);
[8.664s]       |                          [01;36m[K~~~~~~~~~~~~~~~~~~~~~~^~~[m[K
[8.664s] [01m[K/home/suke/chicken_core/src/localization/ekf_localization/src/ekf_localization_component.cpp:[m[K In member function â€˜[01m[Kvoid ekf_localization::ExtendedKalmanFilter::imu_callback(sensor_msgs::msg::Imu_<std::allocator<void> >::SharedPtr)[m[Kâ€™:
[8.664s] [01m[K/home/suke/chicken_core/src/localization/ekf_localization/src/ekf_localization_component.cpp:89:27:[m[K [01;31m[Kerror: [m[Kâ€˜[01m[KVector3Stamped[m[Kâ€™ is not a member of â€˜[01m[Kgeometry_msgs::msg[m[Kâ€™
[8.664s]    89 |       geometry_msgs::msg::[01;31m[KVector3Stamped[m[K acc_in, acc_out, w_in, w_out;
[8.664s]       |                           [01;31m[K^~~~~~~~~~~~~~[m[K
[8.665s] [01m[K/home/suke/chicken_core/src/localization/ekf_localization/src/ekf_localization_component.cpp:90:7:[m[K [01;31m[Kerror: [m[Kâ€˜[01m[Kacc_in[m[Kâ€™ was not declared in this scope
[8.665s]    90 |       [01;31m[Kacc_in[m[K.vector.x = msg->linear_acceleration.x;
[8.665s]       |       [01;31m[K^~~~~~[m[K
[8.665s] [01m[K/home/suke/chicken_core/src/localization/ekf_localization/src/ekf_localization_component.cpp:93:7:[m[K [01;31m[Kerror: [m[Kâ€˜[01m[Kw_in[m[Kâ€™ was not declared in this scope
[8.665s]    93 |       [01;31m[Kw_in[m[K.vector.x = msg->angular_velocity.x;
[8.665s]       |       [01;31m[K^~~~[m[K
[8.665s] [01m[K/home/suke/chicken_core/src/localization/ekf_localization/src/ekf_localization_component.cpp:96:7:[m[K [01;31m[Kerror: [m[Kâ€˜[01m[Ktf2[m[Kâ€™ has not been declared
[8.665s]    96 |       [01;31m[Ktf2[m[K::TimePoint time_point = tf2::TimePoint(
[8.665s]       |       [01;31m[K^~~[m[K
[8.665s] [01m[K/home/suke/chicken_core/src/localization/ekf_localization/src/ekf_localization_component.cpp:99:33:[m[K [01;31m[Kerror: [m[Kâ€˜[01m[KTransformStamped[m[Kâ€™ in namespace â€˜[01m[Kgeometry_msgs::msg[m[Kâ€™ does not name a type
[8.665s]    99 |       const geometry_msgs::msg::[01;31m[KTransformStamped[m[K transform =
[8.665s]       |                                 [01;31m[K^~~~~~~~~~~~~~~~[m[K
[8.665s] [01m[K/home/suke/chicken_core/src/localization/ekf_localization/src/ekf_localization_component.cpp:104:7:[m[K [01;31m[Kerror: [m[Kâ€˜[01m[Ktf2[m[Kâ€™ has not been declared
[8.666s]   104 |       [01;31m[Ktf2[m[K::doTransform(acc_in, acc_out, transform);
[8.666s]       |       [01;31m[K^~~[m[K
[8.666s] [01m[K/home/suke/chicken_core/src/localization/ekf_localization/src/ekf_localization_component.cpp:104:32:[m[K [01;31m[Kerror: [m[Kâ€˜[01m[Kacc_out[m[Kâ€™ was not declared in this scope; did you mean â€˜[01m[Kacct[m[Kâ€™?
[8.666s]   104 |       tf2::doTransform(acc_in, [01;31m[Kacc_out[m[K, transform);
[8.666s]       |                                [01;31m[K^~~~~~~[m[K
[8.666s]       |                                [32m[Kacct[m[K
[8.666s] [01m[K/home/suke/chicken_core/src/localization/ekf_localization/src/ekf_localization_component.cpp:104:41:[m[K [01;31m[Kerror: [m[Kâ€˜[01m[Ktransform[m[Kâ€™ was not declared in this scope; did you mean â€˜[01m[Kstd::transform[m[Kâ€™?
[8.666s]   104 |       tf2::doTransform(acc_in, acc_out, [01;31m[Ktransform[m[K);
[8.666s]       |                                         [01;31m[K^~~~~~~~~[m[K
[8.666s]       |                                         [32m[Kstd::transform[m[K
[8.666s] In file included from [01m[K/usr/include/c++/11/algorithm:74[m[K,
[8.666s]                  from [01m[K/opt/ros/humble/include/rclcpp/rclcpp/executor.hpp:18[m[K,
[8.666s]                  from [01m[K/opt/ros/humble/include/rclcpp/rclcpp/executors/multi_threaded_executor.hpp:25[m[K,
[8.667s]                  from [01m[K/opt/ros/humble/include/rclcpp/rclcpp/executors.hpp:21[m[K,
[8.667s]                  from [01m[K/opt/ros/humble/include/rclcpp/rclcpp/rclcpp.hpp:155[m[K,
[8.667s]                  from [01m[K/home/suke/chicken_core/src/localization/ekf_localization/src/ekf_localization_component.cpp:5[m[K:
[8.667s] [01m[K/usr/include/c++/11/pstl/glue_algorithm_defs.h:162:1:[m[K [01;36m[Knote: [m[Kâ€˜[01m[Kstd::transform[m[Kâ€™ declared here
[8.667s]   162 | [01;36m[Ktransform[m[K(_ExecutionPolicy&& __exec, _ForwardIterator1 __first1, _ForwardIterator1 __last1, _ForwardIterator2 __first2,
[8.667s]       | [01;36m[K^~~~~~~~~[m[K
[8.667s] [01m[K/home/suke/chicken_core/src/localization/ekf_localization/src/ekf_localization_component.cpp:105:7:[m[K [01;31m[Kerror: [m[Kâ€˜[01m[Ktf2[m[Kâ€™ has not been declared
[8.667s]   105 |       [01;31m[Ktf2[m[K::doTransform(w_in, w_out, transform);
[8.667s]       |       [01;31m[K^~~[m[K
[8.667s] [01m[K/home/suke/chicken_core/src/localization/ekf_localization/src/ekf_localization_component.cpp:105:30:[m[K [01;31m[Kerror: [m[Kâ€˜[01m[Kw_out[m[Kâ€™ was not declared in this scope
[8.667s]   105 |       tf2::doTransform(w_in, [01;31m[Kw_out[m[K, transform);
[8.667s]       |                              [01;31m[K^~~~~[m[K
[8.667s] [01m[K/home/suke/chicken_core/src/localization/ekf_localization/src/ekf_localization_component.cpp:114:14:[m[K [01;31m[Kerror: [m[Kâ€˜[01m[Ktf2[m[Kâ€™ does not name a type
[8.668s]   114 |     } catch ([01;31m[Ktf2[m[K::TransformException & e) {
[8.668s]       |              [01;31m[K^~~[m[K
[8.668s] [01m[K/home/suke/chicken_core/src/localization/ekf_localization/src/ekf_localization_component.cpp:114:38:[m[K [01;31m[Kerror: [m[Kexpected unqualified-id before â€˜[01m[K&[m[Kâ€™ token
[8.668s]   114 |     } catch (tf2::TransformException [01;31m[K&[m[K e) {
[8.668s]       |                                      [01;31m[K^[m[K
[8.668s] [01m[K/home/suke/chicken_core/src/localization/ekf_localization/src/ekf_localization_component.cpp:114:37:[m[K [01;31m[Kerror: [m[Kexpected â€˜[01m[K)[m[Kâ€™ before â€˜[01m[K&[m[Kâ€™ token
[8.668s]   114 |     } catch [34m[K([m[Ktf2::TransformException[01;31m[K [m[K[32m[K&[m[K e) {
[8.669s]       |             [34m[K~[m[K                       [01;31m[K^[m[K[32m[K~[m[K
[8.669s]       |                                     [32m[K)[m[K
[8.669s] [01m[K/home/suke/chicken_core/src/localization/ekf_localization/src/ekf_localization_component.cpp:114:38:[m[K [01;31m[Kerror: [m[Kexpected â€˜[01m[K{[m[Kâ€™ before â€˜[01m[K&[m[Kâ€™ token
[8.669s]   114 |     } catch (tf2::TransformException [01;31m[K&[m[K e) {
[8.669s]       |                                      [01;31m[K^[m[K
[8.669s] [01m[K/home/suke/chicken_core/src/localization/ekf_localization/src/ekf_localization_component.cpp:114:40:[m[K [01;31m[Kerror: [m[Kâ€˜[01m[Ke[m[Kâ€™ was not declared in this scope
[8.670s]   114 |     } catch (tf2::TransformException & [01;31m[Ke[m[K) {
[8.670s]       |                                        [01;31m[K^[m[K
[8.670s] [01m[K/home/suke/chicken_core/src/localization/ekf_localization/src/ekf_localization_component.cpp:117:7:[m[K [01;31m[Kerror: [m[Kexpected primary-expression before â€˜[01m[Kcatch[m[Kâ€™
[8.670s]   117 |     } [01;31m[Kcatch[m[K (std::runtime_error & e) {
[8.670s]       |       [01;31m[K^~~~~[m[K
[8.670s] [01m[K/home/suke/chicken_core/src/localization/ekf_localization/src/ekf_localization_component.cpp:[m[K In member function â€˜[01m[Kvoid ekf_localization::ExtendedKalmanFilter::predictUpdate(nav_msgs::msg::Odometry_<std::allocator<void> >::SharedPtr)[m[Kâ€™:
[8.670s] [01m[K/home/suke/chicken_core/src/localization/ekf_localization/src/ekf_localization_component.cpp:143:31:[m[K [01;31m[Kerror: [m[Kâ€˜[01m[Kold_timestamp[m[Kâ€™ was not declared in this scope; did you mean â€˜[01m[Kodomtimestamp[m[Kâ€™?
[8.670s]   143 |   double dt = odomtimestamp - [01;31m[Kold_timestamp[m[K
[8.671s]       |                               [01;31m[K^~~~~~~~~~~~~[m[K
[8.671s]       |                               [32m[Kodomtimestamp[m[K
[8.671s] [01m[K/home/suke/chicken_core/src/localization/ekf_localization/src/ekf_localization_component.cpp:[m[K In member function â€˜[01m[Kvoid ekf_localization::ExtendedKalmanFilter::measurementUpdate(sensor_msgs::msg::Imu)[m[Kâ€™:
[8.671s] [01m[K/home/suke/chicken_core/src/localization/ekf_localization/src/ekf_localization_component.cpp:173:21:[m[K [01;31m[Kerror: [m[Kbase operand of â€˜[01m[K->[m[Kâ€™ has non-pointer type â€˜[01m[Ksensor_msgs::msg::Imu[m[Kâ€™ {aka â€˜[01m[Ksensor_msgs::msg::Imu_<std::allocator<void> >[m[Kâ€™}
[8.671s]   173 |   imutimestamp = msg[01;31m[K->[m[Kheader.stamp;
[8.671s]       |                     [01;31m[K^~[m[K
[8.671s] [01m[K/home/suke/chicken_core/src/localization/ekf_localization/src/ekf_localization_component.cpp:174:30:[m[K [01;31m[Kerror: [m[Kâ€˜[01m[Kold_timestamp[m[Kâ€™ was not declared in this scope; did you mean â€˜[01m[Kodomtimestamp[m[Kâ€™?
[8.671s]   174 |   double dt = imutimestamp - [01;31m[Kold_timestamp[m[K;
[8.671s]       |                              [01;31m[K^~~~~~~~~~~~~[m[K
[8.671s]       |                              [32m[Kodomtimestamp[m[K
[8.671s] [01m[K/home/suke/chicken_core/src/localization/ekf_localization/src/ekf_localization_component.cpp:177:12:[m[K [01;31m[Kerror: [m[Kexpected initializer before â€˜[01m[K+=[m[Kâ€™ token
[8.671s]   177 |   double v [01;31m[K+=[m[K u(0)*dt;
[8.671s]       |            [01;31m[K^~[m[K
[8.672s] [01m[K/home/suke/chicken_core/src/localization/ekf_localization/src/ekf_localization_component.cpp:179:15:[m[K [01;31m[Kerror: [m[Kâ€˜[01m[Kv[m[Kâ€™ was not declared in this scope
[8.672s]   179 |   double dx = [01;31m[Kv[m[K*cos(theta);
[8.672s]       |               [01;31m[K^[m[K
[8.672s] [01m[K/home/suke/chicken_core/src/localization/ekf_localization/src/ekf_localization_component.cpp:181:19:[m[K [01;31m[Kerror: [m[Kâ€˜[01m[Ku[m[Kâ€™ was not declared in this scope
[8.672s]   181 |   double dtheta = [01;31m[Ku[m[K(5);
[8.672s]       |                   [01;31m[K^[m[K
[8.672s] [01m[K/home/suke/chicken_core/src/localization/ekf_localization/src/ekf_localization_component.cpp:194:12:[m[K [01;31m[Kerror: [m[Kconflicting declaration â€˜[01m[KEigen::VectorXd y[m[Kâ€™
[8.672s]   194 |   VectorXd [01;31m[Ky[m[K = Z - h * X;
[8.672s]       |            [01;31m[K^[m[K
[8.672s] [01m[K/home/suke/chicken_core/src/localization/ekf_localization/src/ekf_localization_component.cpp:178:20:[m[K [01;36m[Knote: [m[Kprevious declaration as â€˜[01m[Kdouble y[m[Kâ€™
[8.672s]   178 |   double x = X(0), [01;36m[Ky[m[K = X(1), theta = X(2);
[8.672s]       |                    [01;36m[K^[m[K
[8.672s] gmake[2]: *** [CMakeFiles/ekf_localization_component.dir/build.make:76: CMakeFiles/ekf_localization_component.dir/src/ekf_localization_component.cpp.o] Error 1
[8.672s] gmake[1]: *** [CMakeFiles/Makefile2:137: CMakeFiles/ekf_localization_component.dir/all] Error 2
[8.672s] gmake: *** [Makefile:146: all] Error 2
[8.673s] Invoked command in '/home/suke/chicken_core/build/ekf_localization' returned '2': CMAKE_PREFIX_PATH=${CMAKE_PREFIX_PATH}:/home/suke/ouxt_automation/robotx_ws/install/opencv_tests:/home/suke/ouxt_automation/robotx_ws/install/detic_onnx_ros2:/opt/ros/humble /usr/bin/cmake --build /home/suke/chicken_core/build/ekf_localization -- -j12 -l12
