[0.017s] Invoking command in '/home/suke/chicken_core/build/ekf_localization': CMAKE_PREFIX_PATH=${CMAKE_PREFIX_PATH}:/home/suke/ouxt_automation/robotx_ws/install/opencv_tests:/home/suke/ouxt_automation/robotx_ws/install/detic_onnx_ros2:/opt/ros/humble /usr/bin/cmake --build /home/suke/chicken_core/build/ekf_localization -- -j12 -l12
[0.096s] [ 50%] [32mBuilding CXX object CMakeFiles/ekf_localization_component.dir/src/ekf_localization_component.cpp.o[0m
[9.423s] In file included from [01m[K/home/suke/chicken_core/src/localization/ekf_localization/src/ekf_localization_component.cpp:8[m[K:
[9.423s] [01m[K/home/suke/chicken_core/src/localization/ekf_localization/include/ekf_localization/ekf_localization_component.hpp:23:5:[m[K [01;31m[Kerror: [m[Kexpected identifier before numeric constant
[9.423s]    23 |   Q([01;31m[K0[m[K, 0) = 0.1;  // Process noise for x
[9.423s]       |     [01;31m[K^[m[K
[9.423s] [01m[K/home/suke/chicken_core/src/localization/ekf_localization/include/ekf_localization/ekf_localization_component.hpp:23:5:[m[K [01;31m[Kerror: [m[Kexpected â€˜[01m[K,[m[Kâ€™ or â€˜[01m[K...[m[Kâ€™ before numeric constant
[9.423s] [01m[K/home/suke/chicken_core/src/localization/ekf_localization/include/ekf_localization/ekf_localization_component.hpp:23:16:[m[K [01;31m[Kerror: [m[Kinvalid pure specifier (only â€˜[01m[K= 0[m[Kâ€™ is allowed) before â€˜[01m[K;[m[Kâ€™ token
[9.423s]    23 |   Q(0, 0) = 0.1[01;31m[K;[m[K  // Process noise for x
[9.423s]       |                [01;31m[K^[m[K
[9.423s] [01m[K/home/suke/chicken_core/src/localization/ekf_localization/include/ekf_localization/ekf_localization_component.hpp:23:3:[m[K [01;31m[Kerror: [m[KISO C++ forbids declaration of â€˜[01m[KQ[m[Kâ€™ with no type [[01;31m[K-fpermissive[m[K]
[9.423s]    23 |   [01;31m[KQ[m[K(0, 0) = 0.1;  // Process noise for x
[9.423s]       |   [01;31m[K^[m[K
[9.424s] [01m[K/home/suke/chicken_core/src/localization/ekf_localization/include/ekf_localization/ekf_localization_component.hpp:23:16:[m[K [01;31m[Kerror: [m[Kâ€˜[01m[Kint ekf_localization::ExtendedKalmanFilter::Q(int)[m[Kâ€™ conflicts with a previous declaration
[9.424s]    23 |   Q(0, 0) = 0.1[01;31m[K;[m[K  // Process noise for x
[9.424s]       |                [01;31m[K^[m[K
[9.424s] [01m[K/home/suke/chicken_core/src/localization/ekf_localization/include/ekf_localization/ekf_localization_component.hpp:22:12:[m[K [01;36m[Knote: [m[Kprevious declaration â€˜[01m[KEigen::MatrixXd ekf_localization::ExtendedKalmanFilter::Q[m[Kâ€™
[9.424s]    22 |   MatrixXd [01;36m[KQ[m[K = MatrixXd::Zero(3, 3);
[9.424s]       |            [01;36m[K^[m[K
[9.424s] [01m[K/home/suke/chicken_core/src/localization/ekf_localization/include/ekf_localization/ekf_localization_component.hpp:24:5:[m[K [01;31m[Kerror: [m[Kexpected identifier before numeric constant
[9.424s]    24 |   Q([01;31m[K1[m[K, 1) = 0.1;  // Process noise for y
[9.424s]       |     [01;31m[K^[m[K
[9.424s] [01m[K/home/suke/chicken_core/src/localization/ekf_localization/include/ekf_localization/ekf_localization_component.hpp:24:5:[m[K [01;31m[Kerror: [m[Kexpected â€˜[01m[K,[m[Kâ€™ or â€˜[01m[K...[m[Kâ€™ before numeric constant
[9.424s] [01m[K/home/suke/chicken_core/src/localization/ekf_localization/include/ekf_localization/ekf_localization_component.hpp:24:16:[m[K [01;31m[Kerror: [m[Kinvalid pure specifier (only â€˜[01m[K= 0[m[Kâ€™ is allowed) before â€˜[01m[K;[m[Kâ€™ token
[9.424s]    24 |   Q(1, 1) = 0.1[01;31m[K;[m[K  // Process noise for y
[9.424s]       |                [01;31m[K^[m[K
[9.424s] [01m[K/home/suke/chicken_core/src/localization/ekf_localization/include/ekf_localization/ekf_localization_component.hpp:24:3:[m[K [01;31m[Kerror: [m[KISO C++ forbids declaration of â€˜[01m[KQ[m[Kâ€™ with no type [[01;31m[K-fpermissive[m[K]
[9.424s]    24 |   [01;31m[KQ[m[K(1, 1) = 0.1;  // Process noise for y
[9.425s]       |   [01;31m[K^[m[K
[9.425s] [01m[K/home/suke/chicken_core/src/localization/ekf_localization/include/ekf_localization/ekf_localization_component.hpp:24:16:[m[K [01;31m[Kerror: [m[Kâ€˜[01m[Kint ekf_localization::ExtendedKalmanFilter::Q(int)[m[Kâ€™ conflicts with a previous declaration
[9.425s]    24 |   Q(1, 1) = 0.1[01;31m[K;[m[K  // Process noise for y
[9.425s]       |                [01;31m[K^[m[K
[9.425s] [01m[K/home/suke/chicken_core/src/localization/ekf_localization/include/ekf_localization/ekf_localization_component.hpp:22:12:[m[K [01;36m[Knote: [m[Kprevious declaration â€˜[01m[KEigen::MatrixXd ekf_localization::ExtendedKalmanFilter::Q[m[Kâ€™
[9.425s]    22 |   MatrixXd [01;36m[KQ[m[K = MatrixXd::Zero(3, 3);
[9.425s]       |            [01;36m[K^[m[K
[9.425s] [01m[K/home/suke/chicken_core/src/localization/ekf_localization/include/ekf_localization/ekf_localization_component.hpp:25:5:[m[K [01;31m[Kerror: [m[Kexpected identifier before numeric constant
[9.425s]    25 |   Q([01;31m[K2[m[K, 2) = 0.01; // Process noise for theta
[9.425s]       |     [01;31m[K^[m[K
[9.425s] [01m[K/home/suke/chicken_core/src/localization/ekf_localization/include/ekf_localization/ekf_localization_component.hpp:25:5:[m[K [01;31m[Kerror: [m[Kexpected â€˜[01m[K,[m[Kâ€™ or â€˜[01m[K...[m[Kâ€™ before numeric constant
[9.425s] [01m[K/home/suke/chicken_core/src/localization/ekf_localization/include/ekf_localization/ekf_localization_component.hpp:25:17:[m[K [01;31m[Kerror: [m[Kinvalid pure specifier (only â€˜[01m[K= 0[m[Kâ€™ is allowed) before â€˜[01m[K;[m[Kâ€™ token
[9.425s]    25 |   Q(2, 2) = 0.01[01;31m[K;[m[K // Process noise for theta
[9.425s]       |                 [01;31m[K^[m[K
[9.426s] [01m[K/home/suke/chicken_core/src/localization/ekf_localization/include/ekf_localization/ekf_localization_component.hpp:25:3:[m[K [01;31m[Kerror: [m[KISO C++ forbids declaration of â€˜[01m[KQ[m[Kâ€™ with no type [[01;31m[K-fpermissive[m[K]
[9.426s]    25 |   [01;31m[KQ[m[K(2, 2) = 0.01; // Process noise for theta
[9.426s]       |   [01;31m[K^[m[K
[9.426s] [01m[K/home/suke/chicken_core/src/localization/ekf_localization/include/ekf_localization/ekf_localization_component.hpp:25:17:[m[K [01;31m[Kerror: [m[Kâ€˜[01m[Kint ekf_localization::ExtendedKalmanFilter::Q(int)[m[Kâ€™ conflicts with a previous declaration
[9.426s]    25 |   Q(2, 2) = 0.01[01;31m[K;[m[K // Process noise for theta
[9.426s]       |                 [01;31m[K^[m[K
[9.426s] [01m[K/home/suke/chicken_core/src/localization/ekf_localization/include/ekf_localization/ekf_localization_component.hpp:22:12:[m[K [01;36m[Knote: [m[Kprevious declaration â€˜[01m[KEigen::MatrixXd ekf_localization::ExtendedKalmanFilter::Q[m[Kâ€™
[9.426s]    22 |   MatrixXd [01;36m[KQ[m[K = MatrixXd::Zero(3, 3);
[9.426s]       |            [01;36m[K^[m[K
[9.426s] [01m[K/home/suke/chicken_core/src/localization/ekf_localization/include/ekf_localization/ekf_localization_component.hpp:29:5:[m[K [01;31m[Kerror: [m[Kexpected identifier before numeric constant
[9.426s]    29 |   R([01;31m[K0[m[K, 0) = 0.1;  // Process noise for x
[9.426s]       |     [01;31m[K^[m[K
[9.427s] [01m[K/home/suke/chicken_core/src/localization/ekf_localization/include/ekf_localization/ekf_localization_component.hpp:29:5:[m[K [01;31m[Kerror: [m[Kexpected â€˜[01m[K,[m[Kâ€™ or â€˜[01m[K...[m[Kâ€™ before numeric constant
[9.427s] [01m[K/home/suke/chicken_core/src/localization/ekf_localization/include/ekf_localization/ekf_localization_component.hpp:29:16:[m[K [01;31m[Kerror: [m[Kinvalid pure specifier (only â€˜[01m[K= 0[m[Kâ€™ is allowed) before â€˜[01m[K;[m[Kâ€™ token
[9.427s]    29 |   R(0, 0) = 0.1[01;31m[K;[m[K  // Process noise for x
[9.427s]       |                [01;31m[K^[m[K
[9.427s] [01m[K/home/suke/chicken_core/src/localization/ekf_localization/include/ekf_localization/ekf_localization_component.hpp:29:3:[m[K [01;31m[Kerror: [m[KISO C++ forbids declaration of â€˜[01m[KR[m[Kâ€™ with no type [[01;31m[K-fpermissive[m[K]
[9.427s]    29 |   [01;31m[KR[m[K(0, 0) = 0.1;  // Process noise for x
[9.427s]       |   [01;31m[K^[m[K
[9.427s] [01m[K/home/suke/chicken_core/src/localization/ekf_localization/include/ekf_localization/ekf_localization_component.hpp:29:16:[m[K [01;31m[Kerror: [m[Kâ€˜[01m[Kint ekf_localization::ExtendedKalmanFilter::R(int)[m[Kâ€™ conflicts with a previous declaration
[9.427s]    29 |   R(0, 0) = 0.1[01;31m[K;[m[K  // Process noise for x
[9.427s]       |                [01;31m[K^[m[K
[9.427s] [01m[K/home/suke/chicken_core/src/localization/ekf_localization/include/ekf_localization/ekf_localization_component.hpp:28:12:[m[K [01;36m[Knote: [m[Kprevious declaration â€˜[01m[KEigen::MatrixXd ekf_localization::ExtendedKalmanFilter::R[m[Kâ€™
[9.428s]    28 |   MatrixXd [01;36m[KR[m[K = MatrixXd::Zero(3, 3);
[9.428s]       |            [01;36m[K^[m[K
[9.428s] [01m[K/home/suke/chicken_core/src/localization/ekf_localization/include/ekf_localization/ekf_localization_component.hpp:30:5:[m[K [01;31m[Kerror: [m[Kexpected identifier before numeric constant
[9.428s]    30 |   R([01;31m[K1[m[K, 1) = 0.1;  // Process noise for y
[9.428s]       |     [01;31m[K^[m[K
[9.428s] [01m[K/home/suke/chicken_core/src/localization/ekf_localization/include/ekf_localization/ekf_localization_component.hpp:30:5:[m[K [01;31m[Kerror: [m[Kexpected â€˜[01m[K,[m[Kâ€™ or â€˜[01m[K...[m[Kâ€™ before numeric constant
[9.428s] [01m[K/home/suke/chicken_core/src/localization/ekf_localization/include/ekf_localization/ekf_localization_component.hpp:30:16:[m[K [01;31m[Kerror: [m[Kinvalid pure specifier (only â€˜[01m[K= 0[m[Kâ€™ is allowed) before â€˜[01m[K;[m[Kâ€™ token
[9.429s]    30 |   R(1, 1) = 0.1[01;31m[K;[m[K  // Process noise for y
[9.429s]       |                [01;31m[K^[m[K
[9.429s] [01m[K/home/suke/chicken_core/src/localization/ekf_localization/include/ekf_localization/ekf_localization_component.hpp:30:3:[m[K [01;31m[Kerror: [m[KISO C++ forbids declaration of â€˜[01m[KR[m[Kâ€™ with no type [[01;31m[K-fpermissive[m[K]
[9.429s]    30 |   [01;31m[KR[m[K(1, 1) = 0.1;  // Process noise for y
[9.429s]       |   [01;31m[K^[m[K
[9.429s] [01m[K/home/suke/chicken_core/src/localization/ekf_localization/include/ekf_localization/ekf_localization_component.hpp:30:16:[m[K [01;31m[Kerror: [m[Kâ€˜[01m[Kint ekf_localization::ExtendedKalmanFilter::R(int)[m[Kâ€™ conflicts with a previous declaration
[9.429s]    30 |   R(1, 1) = 0.1[01;31m[K;[m[K  // Process noise for y
[9.429s]       |                [01;31m[K^[m[K
[9.429s] [01m[K/home/suke/chicken_core/src/localization/ekf_localization/include/ekf_localization/ekf_localization_component.hpp:28:12:[m[K [01;36m[Knote: [m[Kprevious declaration â€˜[01m[KEigen::MatrixXd ekf_localization::ExtendedKalmanFilter::R[m[Kâ€™
[9.429s]    28 |   MatrixXd [01;36m[KR[m[K = MatrixXd::Zero(3, 3);
[9.429s]       |            [01;36m[K^[m[K
[9.430s] [01m[K/home/suke/chicken_core/src/localization/ekf_localization/include/ekf_localization/ekf_localization_component.hpp:31:5:[m[K [01;31m[Kerror: [m[Kexpected identifier before numeric constant
[9.430s]    31 |   R([01;31m[K2[m[K, 2) = 0.01; // Process noise for theta
[9.430s]       |     [01;31m[K^[m[K
[9.430s] [01m[K/home/suke/chicken_core/src/localization/ekf_localization/include/ekf_localization/ekf_localization_component.hpp:31:5:[m[K [01;31m[Kerror: [m[Kexpected â€˜[01m[K,[m[Kâ€™ or â€˜[01m[K...[m[Kâ€™ before numeric constant
[9.430s] [01m[K/home/suke/chicken_core/src/localization/ekf_localization/include/ekf_localization/ekf_localization_component.hpp:31:17:[m[K [01;31m[Kerror: [m[Kinvalid pure specifier (only â€˜[01m[K= 0[m[Kâ€™ is allowed) before â€˜[01m[K;[m[Kâ€™ token
[9.430s]    31 |   R(2, 2) = 0.01[01;31m[K;[m[K // Process noise for theta
[9.430s]       |                 [01;31m[K^[m[K
[9.430s] [01m[K/home/suke/chicken_core/src/localization/ekf_localization/include/ekf_localization/ekf_localization_component.hpp:31:3:[m[K [01;31m[Kerror: [m[KISO C++ forbids declaration of â€˜[01m[KR[m[Kâ€™ with no type [[01;31m[K-fpermissive[m[K]
[9.430s]    31 |   [01;31m[KR[m[K(2, 2) = 0.01; // Process noise for theta
[9.430s]       |   [01;31m[K^[m[K
[9.430s] [01m[K/home/suke/chicken_core/src/localization/ekf_localization/include/ekf_localization/ekf_localization_component.hpp:31:17:[m[K [01;31m[Kerror: [m[Kâ€˜[01m[Kint ekf_localization::ExtendedKalmanFilter::R(int)[m[Kâ€™ conflicts with a previous declaration
[9.430s]    31 |   R(2, 2) = 0.01[01;31m[K;[m[K // Process noise for theta
[9.430s]       |                 [01;31m[K^[m[K
[9.430s] [01m[K/home/suke/chicken_core/src/localization/ekf_localization/include/ekf_localization/ekf_localization_component.hpp:28:12:[m[K [01;36m[Knote: [m[Kprevious declaration â€˜[01m[KEigen::MatrixXd ekf_localization::ExtendedKalmanFilter::R[m[Kâ€™
[9.430s]    28 |   MatrixXd [01;36m[KR[m[K = MatrixXd::Zero(3, 3);
[9.430s]       |            [01;36m[K^[m[K
[9.430s] [01m[K/home/suke/chicken_core/src/localization/ekf_localization/include/ekf_localization/ekf_localization_component.hpp:35:3:[m[K [01;31m[Kerror: [m[Kâ€˜[01m[Ktimestamp[m[Kâ€™ does not name a type
[9.430s]    35 |   [01;31m[Ktimestamp[m[K;
[9.431s]       |   [01;31m[K^~~~~~~~~[m[K
[9.431s] [01m[K/home/suke/chicken_core/src/localization/ekf_localization/src/ekf_localization_component.cpp:[m[K In constructor â€˜[01m[Kekf_localization::ExtendedKalmanFilter::ExtendedKalmanFilter(const rclcpp::NodeOptions&)[m[Kâ€™:
[9.431s] [01m[K/home/suke/chicken_core/src/localization/ekf_localization/src/ekf_localization_component.cpp:23:39:[m[K [01;31m[Kerror: [m[Kâ€˜[01m[Kreference_frame_id_[m[Kâ€™ was not declared in this scope
[9.431s]    23 |   get_parameter("reference_frame_id", [01;31m[Kreference_frame_id_[m[K);
[9.431s]       |                                       [01;31m[K^~~~~~~~~~~~~~~~~~~[m[K
[9.431s] [01m[K/home/suke/chicken_core/src/localization/ekf_localization/src/ekf_localization_component.cpp:24:35:[m[K [01;31m[Kerror: [m[Kâ€˜[01m[Krobot_frame_id_[m[Kâ€™ was not declared in this scope
[9.431s]    24 |   get_parameter("robot_frame_id", [01;31m[Krobot_frame_id_[m[K);
[9.431s]       |                                   [01;31m[K^~~~~~~~~~~~~~~[m[K
[9.431s] [01m[K/home/suke/chicken_core/src/localization/ekf_localization/src/ekf_localization_component.cpp:25:39:[m[K [01;31m[Kerror: [m[Kâ€˜[01m[Kinitial_pose_topic_[m[Kâ€™ was not declared in this scope
[9.431s]    25 |   get_parameter("initial_pose_topic", [01;31m[Kinitial_pose_topic_[m[K);
[9.431s]       |                                       [01;31m[K^~~~~~~~~~~~~~~~~~~[m[K
[9.431s] [01m[K/home/suke/chicken_core/src/localization/ekf_localization/src/ekf_localization_component.cpp:26:30:[m[K [01;31m[Kerror: [m[Kâ€˜[01m[Kimu_topic_[m[Kâ€™ was not declared in this scope
[9.431s]    26 |   get_parameter("imu_topic", [01;31m[Kimu_topic_[m[K);
[9.431s]       |                              [01;31m[K^~~~~~~~~~[m[K
[9.431s] [01m[K/home/suke/chicken_core/src/localization/ekf_localization/src/ekf_localization_component.cpp:27:31:[m[K [01;31m[Kerror: [m[Kâ€˜[01m[Kodom_topic_[m[Kâ€™ was not declared in this scope; did you mean â€˜[01m[Knode_topics_[m[Kâ€™?
[9.431s]    27 |   get_parameter("odom_topic", [01;31m[Kodom_topic_[m[K);
[9.431s]       |                               [01;31m[K^~~~~~~~~~~[m[K
[9.431s]       |                               [32m[Knode_topics_[m[K
[9.432s] [01m[K/home/suke/chicken_core/src/localization/ekf_localization/src/ekf_localization_component.cpp:33:31:[m[K [01;31m[Kerror: [m[Kâ€˜[01m[Kpub_period_[m[Kâ€™ was not declared in this scope
[9.432s]    33 |   get_parameter("pub_period", [01;31m[Kpub_period_[m[K);
[9.432s]       |                               [01;31m[K^~~~~~~~~~~[m[K
[9.432s] [01m[K/home/suke/chicken_core/src/localization/ekf_localization/src/ekf_localization_component.cpp:34:30:[m[K [01;31m[Kerror: [m[Kâ€˜[01m[Kvar_imu_w_[m[Kâ€™ was not declared in this scope
[9.432s]    34 |   get_parameter("var_imu_w", [01;31m[Kvar_imu_w_[m[K);
[9.432s]       |                              [01;31m[K^~~~~~~~~~[m[K
[9.432s] [01m[K/home/suke/chicken_core/src/localization/ekf_localization/src/ekf_localization_component.cpp:35:32:[m[K [01;31m[Kerror: [m[Kâ€˜[01m[Kvar_imu_acc_[m[Kâ€™ was not declared in this scope
[9.432s]    35 |   get_parameter("var_imu_acc", [01;31m[Kvar_imu_acc_[m[K);
[9.432s]       |                                [01;31m[K^~~~~~~~~~~~[m[K
[9.432s] [01m[K/home/suke/chicken_core/src/localization/ekf_localization/src/ekf_localization_component.cpp:36:33:[m[K [01;31m[Kerror: [m[Kâ€˜[01m[Kvar_odom_xyz_[m[Kâ€™ was not declared in this scope
[9.432s]    36 |   get_parameter("var_odom_xyz", [01;31m[Kvar_odom_xyz_[m[K);
[9.432s]       |                                 [01;31m[K^~~~~~~~~~~~~[m[K
[9.432s] [01m[K/home/suke/chicken_core/src/localization/ekf_localization/src/ekf_localization_component.cpp:[m[K In member function â€˜[01m[Kvoid ekf_localization::ExtendedKalmanFilter::odom_callback(nav_msgs::msg::Odometry_<std::allocator<void> >::SharedPtr)[m[Kâ€™:
[9.432s] [01m[K/home/suke/chicken_core/src/localization/ekf_localization/src/ekf_localization_component.cpp:65:21:[m[K [01;31m[Kerror: [m[Kcannot convert â€˜[01m[Knav_msgs::msg::Odometry_<std::allocator<void> >::SharedPtr[m[Kâ€™ {aka â€˜[01m[Kstd::shared_ptr<nav_msgs::msg::Odometry_<std::allocator<void> > >[m[Kâ€™} to â€˜[01m[Ksensor_msgs::msg::Imu[m[Kâ€™ {aka â€˜[01m[Ksensor_msgs::msg::Imu_<std::allocator<void> >[m[Kâ€™}
[9.432s]    65 |   measurementUpdate([01;31m[Kmsg[m[K);
[9.432s]       |                     [01;31m[K^~~[m[K
[9.432s]       |                     [01;31m[K|[m[K
[9.432s]       |                     [01;31m[Knav_msgs::msg::Odometry_<std::allocator<void> >::SharedPtr {aka std::shared_ptr<nav_msgs::msg::Odometry_<std::allocator<void> > >}[m[K
[9.433s] In file included from [01m[K/home/suke/chicken_core/src/localization/ekf_localization/src/ekf_localization_component.cpp:8[m[K:
[9.433s] [01m[K/home/suke/chicken_core/src/localization/ekf_localization/include/ekf_localization/ekf_localization_component.hpp:44:48:[m[K [01;36m[Knote: [m[K  initializing argument 1 of â€˜[01m[Kvoid ekf_localization::ExtendedKalmanFilter::measurementUpdate(sensor_msgs::msg::Imu)[m[Kâ€™
[9.433s]    44 |   void measurementUpdate([01;36m[Ksensor_msgs::msg::Imu msg[m[K);
[9.433s]       |                          [01;36m[K~~~~~~~~~~~~~~~~~~~~~~^~~[m[K
[9.433s] [01m[K/home/suke/chicken_core/src/localization/ekf_localization/src/ekf_localization_component.cpp:[m[K In member function â€˜[01m[Kvoid ekf_localization::ExtendedKalmanFilter::imu_callback(sensor_msgs::msg::Imu_<std::allocator<void> >::SharedPtr)[m[Kâ€™:
[9.433s] [01m[K/home/suke/chicken_core/src/localization/ekf_localization/src/ekf_localization_component.cpp:77:27:[m[K [01;31m[Kerror: [m[Kâ€˜[01m[KVector3Stamped[m[Kâ€™ is not a member of â€˜[01m[Kgeometry_msgs::msg[m[Kâ€™
[9.433s]    77 |       geometry_msgs::msg::[01;31m[KVector3Stamped[m[K acc_in, acc_out, w_in, w_out;
[9.433s]       |                           [01;31m[K^~~~~~~~~~~~~~[m[K
[9.433s] [01m[K/home/suke/chicken_core/src/localization/ekf_localization/src/ekf_localization_component.cpp:78:7:[m[K [01;31m[Kerror: [m[Kâ€˜[01m[Kacc_in[m[Kâ€™ was not declared in this scope
[9.433s]    78 |       [01;31m[Kacc_in[m[K.vector.x = msg->linear_acceleration.x;
[9.433s]       |       [01;31m[K^~~~~~[m[K
[9.433s] [01m[K/home/suke/chicken_core/src/localization/ekf_localization/src/ekf_localization_component.cpp:81:7:[m[K [01;31m[Kerror: [m[Kâ€˜[01m[Kw_in[m[Kâ€™ was not declared in this scope
[9.433s]    81 |       [01;31m[Kw_in[m[K.vector.x = msg->angular_velocity.x;
[9.433s]       |       [01;31m[K^~~~[m[K
[9.433s] [01m[K/home/suke/chicken_core/src/localization/ekf_localization/src/ekf_localization_component.cpp:84:7:[m[K [01;31m[Kerror: [m[Kâ€˜[01m[Ktf2[m[Kâ€™ has not been declared
[9.433s]    84 |       [01;31m[Ktf2[m[K::TimePoint time_point = tf2::TimePoint(
[9.433s]       |       [01;31m[K^~~[m[K
[9.433s] [01m[K/home/suke/chicken_core/src/localization/ekf_localization/src/ekf_localization_component.cpp:87:33:[m[K [01;31m[Kerror: [m[Kâ€˜[01m[KTransformStamped[m[Kâ€™ in namespace â€˜[01m[Kgeometry_msgs::msg[m[Kâ€™ does not name a type
[9.434s]    87 |       const geometry_msgs::msg::[01;31m[KTransformStamped[m[K transform =
[9.434s]       |                                 [01;31m[K^~~~~~~~~~~~~~~~[m[K
[9.434s] [01m[K/home/suke/chicken_core/src/localization/ekf_localization/src/ekf_localization_component.cpp:92:7:[m[K [01;31m[Kerror: [m[Kâ€˜[01m[Ktf2[m[Kâ€™ has not been declared
[9.434s]    92 |       [01;31m[Ktf2[m[K::doTransform(acc_in, acc_out, transform);
[9.434s]       |       [01;31m[K^~~[m[K
[9.434s] [01m[K/home/suke/chicken_core/src/localization/ekf_localization/src/ekf_localization_component.cpp:92:32:[m[K [01;31m[Kerror: [m[Kâ€˜[01m[Kacc_out[m[Kâ€™ was not declared in this scope; did you mean â€˜[01m[Kacct[m[Kâ€™?
[9.434s]    92 |       tf2::doTransform(acc_in, [01;31m[Kacc_out[m[K, transform);
[9.434s]       |                                [01;31m[K^~~~~~~[m[K
[9.434s]       |                                [32m[Kacct[m[K
[9.434s] [01m[K/home/suke/chicken_core/src/localization/ekf_localization/src/ekf_localization_component.cpp:92:41:[m[K [01;31m[Kerror: [m[Kâ€˜[01m[Ktransform[m[Kâ€™ was not declared in this scope; did you mean â€˜[01m[Kstd::transform[m[Kâ€™?
[9.434s]    92 |       tf2::doTransform(acc_in, acc_out, [01;31m[Ktransform[m[K);
[9.434s]       |                                         [01;31m[K^~~~~~~~~[m[K
[9.434s]       |                                         [32m[Kstd::transform[m[K
[9.434s] In file included from [01m[K/usr/include/c++/11/algorithm:74[m[K,
[9.434s]                  from [01m[K/opt/ros/humble/include/rclcpp/rclcpp/executor.hpp:18[m[K,
[9.434s]                  from [01m[K/opt/ros/humble/include/rclcpp/rclcpp/executors/multi_threaded_executor.hpp:25[m[K,
[9.434s]                  from [01m[K/opt/ros/humble/include/rclcpp/rclcpp/executors.hpp:21[m[K,
[9.434s]                  from [01m[K/opt/ros/humble/include/rclcpp/rclcpp/rclcpp.hpp:155[m[K,
[9.435s]                  from [01m[K/home/suke/chicken_core/src/localization/ekf_localization/src/ekf_localization_component.cpp:5[m[K:
[9.435s] [01m[K/usr/include/c++/11/pstl/glue_algorithm_defs.h:162:1:[m[K [01;36m[Knote: [m[Kâ€˜[01m[Kstd::transform[m[Kâ€™ declared here
[9.435s]   162 | [01;36m[Ktransform[m[K(_ExecutionPolicy&& __exec, _ForwardIterator1 __first1, _ForwardIterator1 __last1, _ForwardIterator2 __first2,
[9.435s]       | [01;36m[K^~~~~~~~~[m[K
[9.435s] [01m[K/home/suke/chicken_core/src/localization/ekf_localization/src/ekf_localization_component.cpp:93:7:[m[K [01;31m[Kerror: [m[Kâ€˜[01m[Ktf2[m[Kâ€™ has not been declared
[9.435s]    93 |       [01;31m[Ktf2[m[K::doTransform(w_in, w_out, transform);
[9.435s]       |       [01;31m[K^~~[m[K
[9.435s] [01m[K/home/suke/chicken_core/src/localization/ekf_localization/src/ekf_localization_component.cpp:93:30:[m[K [01;31m[Kerror: [m[Kâ€˜[01m[Kw_out[m[Kâ€™ was not declared in this scope
[9.435s]    93 |       tf2::doTransform(w_in, [01;31m[Kw_out[m[K, transform);
[9.435s]       |                              [01;31m[K^~~~~[m[K
[9.435s] [01m[K/home/suke/chicken_core/src/localization/ekf_localization/src/ekf_localization_component.cpp:102:14:[m[K [01;31m[Kerror: [m[Kâ€˜[01m[Ktf2[m[Kâ€™ does not name a type
[9.435s]   102 |     } catch ([01;31m[Ktf2[m[K::TransformException & e) {
[9.435s]       |              [01;31m[K^~~[m[K
[9.435s] [01m[K/home/suke/chicken_core/src/localization/ekf_localization/src/ekf_localization_component.cpp:102:38:[m[K [01;31m[Kerror: [m[Kexpected unqualified-id before â€˜[01m[K&[m[Kâ€™ token
[9.435s]   102 |     } catch (tf2::TransformException [01;31m[K&[m[K e) {
[9.435s]       |                                      [01;31m[K^[m[K
[9.435s] [01m[K/home/suke/chicken_core/src/localization/ekf_localization/src/ekf_localization_component.cpp:102:37:[m[K [01;31m[Kerror: [m[Kexpected â€˜[01m[K)[m[Kâ€™ before â€˜[01m[K&[m[Kâ€™ token
[9.435s]   102 |     } catch [34m[K([m[Ktf2::TransformException[01;31m[K [m[K[32m[K&[m[K e) {
[9.436s]       |             [34m[K~[m[K                       [01;31m[K^[m[K[32m[K~[m[K
[9.436s]       |                                     [32m[K)[m[K
[9.436s] [01m[K/home/suke/chicken_core/src/localization/ekf_localization/src/ekf_localization_component.cpp:102:38:[m[K [01;31m[Kerror: [m[Kexpected â€˜[01m[K{[m[Kâ€™ before â€˜[01m[K&[m[Kâ€™ token
[9.436s]   102 |     } catch (tf2::TransformException [01;31m[K&[m[K e) {
[9.436s]       |                                      [01;31m[K^[m[K
[9.436s] [01m[K/home/suke/chicken_core/src/localization/ekf_localization/src/ekf_localization_component.cpp:102:40:[m[K [01;31m[Kerror: [m[Kâ€˜[01m[Ke[m[Kâ€™ was not declared in this scope
[9.436s]   102 |     } catch (tf2::TransformException & [01;31m[Ke[m[K) {
[9.436s]       |                                        [01;31m[K^[m[K
[9.436s] [01m[K/home/suke/chicken_core/src/localization/ekf_localization/src/ekf_localization_component.cpp:105:7:[m[K [01;31m[Kerror: [m[Kexpected primary-expression before â€˜[01m[Kcatch[m[Kâ€™
[9.436s]   105 |     } [01;31m[Kcatch[m[K (std::runtime_error & e) {
[9.436s]       |       [01;31m[K^~~~~[m[K
[9.436s] [01m[K/home/suke/chicken_core/src/localization/ekf_localization/src/ekf_localization_component.cpp:[m[K In member function â€˜[01m[Kvoid ekf_localization::ExtendedKalmanFilter::predictUpdate(nav_msgs::msg::Odometry_<std::allocator<void> >::SharedPtr)[m[Kâ€™:
[9.436s] [01m[K/home/suke/chicken_core/src/localization/ekf_localization/src/ekf_localization_component.cpp:131:31:[m[K [01;31m[Kerror: [m[Kâ€˜[01m[Kold_timestamp[m[Kâ€™ was not declared in this scope; did you mean â€˜[01m[Kodomtimestamp[m[Kâ€™?
[9.436s]   131 |   double dt = odomtimestamp - [01;31m[Kold_timestamp[m[K
[9.436s]       |                               [01;31m[K^~~~~~~~~~~~~[m[K
[9.436s]       |                               [32m[Kodomtimestamp[m[K
[9.436s] [01m[K/home/suke/chicken_core/src/localization/ekf_localization/src/ekf_localization_component.cpp:[m[K In member function â€˜[01m[Kvoid ekf_localization::ExtendedKalmanFilter::measurementUpdate(sensor_msgs::msg::Imu)[m[Kâ€™:
[9.436s] [01m[K/home/suke/chicken_core/src/localization/ekf_localization/src/ekf_localization_component.cpp:161:21:[m[K [01;31m[Kerror: [m[Kbase operand of â€˜[01m[K->[m[Kâ€™ has non-pointer type â€˜[01m[Ksensor_msgs::msg::Imu[m[Kâ€™ {aka â€˜[01m[Ksensor_msgs::msg::Imu_<std::allocator<void> >[m[Kâ€™}
[9.437s]   161 |   imutimestamp = msg[01;31m[K->[m[Kheader.stamp;
[9.437s]       |                     [01;31m[K^~[m[K
[9.437s] [01m[K/home/suke/chicken_core/src/localization/ekf_localization/src/ekf_localization_component.cpp:162:30:[m[K [01;31m[Kerror: [m[Kâ€˜[01m[Kold_timestamp[m[Kâ€™ was not declared in this scope; did you mean â€˜[01m[Kodomtimestamp[m[Kâ€™?
[9.437s]   162 |   double dt = imutimestamp - [01;31m[Kold_timestamp[m[K;
[9.437s]       |                              [01;31m[K^~~~~~~~~~~~~[m[K
[9.437s]       |                              [32m[Kodomtimestamp[m[K
[9.437s] [01m[K/home/suke/chicken_core/src/localization/ekf_localization/src/ekf_localization_component.cpp:165:12:[m[K [01;31m[Kerror: [m[Kexpected initializer before â€˜[01m[K+=[m[Kâ€™ token
[9.437s]   165 |   double v [01;31m[K+=[m[K u(0)*dt;
[9.437s]       |            [01;31m[K^~[m[K
[9.437s] [01m[K/home/suke/chicken_core/src/localization/ekf_localization/src/ekf_localization_component.cpp:167:15:[m[K [01;31m[Kerror: [m[Kâ€˜[01m[Kv[m[Kâ€™ was not declared in this scope
[9.437s]   167 |   double dx = [01;31m[Kv[m[K*cos(theta);
[9.437s]       |               [01;31m[K^[m[K
[9.437s] [01m[K/home/suke/chicken_core/src/localization/ekf_localization/src/ekf_localization_component.cpp:169:19:[m[K [01;31m[Kerror: [m[Kâ€˜[01m[Ku[m[Kâ€™ was not declared in this scope
[9.437s]   169 |   double dtheta = [01;31m[Ku[m[K(5);
[9.437s]       |                   [01;31m[K^[m[K
[9.437s] [01m[K/home/suke/chicken_core/src/localization/ekf_localization/src/ekf_localization_component.cpp:170:3:[m[K [01;31m[Kerror: [m[Kâ€˜[01m[KZ[m[Kâ€™ was not declared in this scope
[9.437s]   170 |   [01;31m[KZ[m[K(0) = x + dx * dt;
[9.437s]       |   [01;31m[K^[m[K
[9.438s] [01m[K/home/suke/chicken_core/src/localization/ekf_localization/src/ekf_localization_component.cpp:182:3:[m[K [01;31m[Kerror: [m[Kâ€˜[01m[KVectorXdy[m[Kâ€™ was not declared in this scope
[9.438s]   182 |   [01;31m[KVectorXdy[m[K = Z - h * X;
[9.438s]       |   [01;31m[K^~~~~~~~~[m[K
[9.438s] gmake[2]: *** [CMakeFiles/ekf_localization_component.dir/build.make:76: CMakeFiles/ekf_localization_component.dir/src/ekf_localization_component.cpp.o] Error 1
[9.438s] gmake[1]: *** [CMakeFiles/Makefile2:137: CMakeFiles/ekf_localization_component.dir/all] Error 2
[9.438s] gmake: *** [Makefile:146: all] Error 2
[9.438s] Invoked command in '/home/suke/chicken_core/build/ekf_localization' returned '2': CMAKE_PREFIX_PATH=${CMAKE_PREFIX_PATH}:/home/suke/ouxt_automation/robotx_ws/install/opencv_tests:/home/suke/ouxt_automation/robotx_ws/install/detic_onnx_ros2:/opt/ros/humble /usr/bin/cmake --build /home/suke/chicken_core/build/ekf_localization -- -j12 -l12
