[0.015s] Invoking command in '/home/suke/chicken_core/build/ekf_localization': CMAKE_PREFIX_PATH=${CMAKE_PREFIX_PATH}:/home/suke/ouxt_automation/robotx_ws/install/opencv_tests:/home/suke/ouxt_automation/robotx_ws/install/detic_onnx_ros2:/opt/ros/humble /usr/bin/cmake --build /home/suke/chicken_core/build/ekf_localization -- -j12 -l12
[0.069s] [35m[1mConsolidate compiler generated dependencies of target ekf_localization_component[0m
[0.090s] [ 50%] [32mBuilding CXX object CMakeFiles/ekf_localization_component.dir/src/ekf_localization_component.cpp.o[0m
[6.323s] [01m[K/home/suke/chicken_core/src/localization/ekf_localization/src/ekf_localization_component.cpp:[m[K In member function â€˜[01m[Kvoid ekf_localization::ExtendedKalmanFilter::imu_callback(sensor_msgs::msg::Imu_<std::allocator<void> >::SharedPtr)[m[Kâ€™:
[6.323s] [01m[K/home/suke/chicken_core/src/localization/ekf_localization/src/ekf_localization_component.cpp:113:23:[m[K [01;31m[Kerror: [m[Kcannot convert â€˜[01m[Kconst SharedPtr[m[Kâ€™ {aka â€˜[01m[Kconst std::shared_ptr<sensor_msgs::msg::Imu_<std::allocator<void> > >[m[Kâ€™} to â€˜[01m[Ksensor_msgs::msg::Imu[m[Kâ€™ {aka â€˜[01m[Ksensor_msgs::msg::Imu_<std::allocator<void> >[m[Kâ€™}
[6.323s]   113 |     measurementUpdate([01;31m[Kmsg[m[K);
[6.323s]       |                       [01;31m[K^~~[m[K
[6.323s]       |                       [01;31m[K|[m[K
[6.323s]       |                       [01;31m[Kconst SharedPtr {aka const std::shared_ptr<sensor_msgs::msg::Imu_<std::allocator<void> > >}[m[K
[6.324s] In file included from [01m[K/home/suke/chicken_core/src/localization/ekf_localization/src/ekf_localization_component.cpp:8[m[K:
[6.324s] [01m[K/home/suke/chicken_core/src/localization/ekf_localization/include/ekf_localization/ekf_localization_component.hpp:36:48:[m[K [01;36m[Knote: [m[K  initializing argument 1 of â€˜[01m[Kvoid ekf_localization::ExtendedKalmanFilter::measurementUpdate(sensor_msgs::msg::Imu)[m[Kâ€™
[6.324s]    36 |   void measurementUpdate([01;36m[Ksensor_msgs::msg::Imu msg[m[K);
[6.324s]       |                          [01;36m[K~~~~~~~~~~~~~~~~~~~~~~^~~[m[K
[6.324s] [01m[K/home/suke/chicken_core/src/localization/ekf_localization/src/ekf_localization_component.cpp:[m[K At global scope:
[6.324s] [01m[K/home/suke/chicken_core/src/localization/ekf_localization/src/ekf_localization_component.cpp:162:6:[m[K [01;31m[Kerror: [m[Kno declaration matches â€˜[01m[Kvoid ekf_localization::ExtendedKalmanFilter::measurementUpdate(sensor_msgs::msg::Imu_<std::allocator<void> >::SharedPtr)[m[Kâ€™
[6.324s]   162 | void [01;31m[KExtendedKalmanFilter[m[K::measurementUpdate(sensor_msgs::msg::Imu::SharedPtr msg)
[6.324s]       |      [01;31m[K^~~~~~~~~~~~~~~~~~~~[m[K
[6.324s] In file included from [01m[K/home/suke/chicken_core/src/localization/ekf_localization/src/ekf_localization_component.cpp:8[m[K:
[6.324s] [01m[K/home/suke/chicken_core/src/localization/ekf_localization/include/ekf_localization/ekf_localization_component.hpp:36:8:[m[K [01;36m[Knote: [m[Kcandidate is: â€˜[01m[Kvoid ekf_localization::ExtendedKalmanFilter::measurementUpdate(sensor_msgs::msg::Imu)[m[Kâ€™
[6.324s]    36 |   void [01;36m[KmeasurementUpdate[m[K(sensor_msgs::msg::Imu msg);
[6.324s]       |        [01;36m[K^~~~~~~~~~~~~~~~~[m[K
[6.324s] [01m[K/home/suke/chicken_core/src/localization/ekf_localization/include/ekf_localization/ekf_localization_component.hpp:11:7:[m[K [01;36m[Knote: [m[Kâ€˜[01m[Kclass ekf_localization::ExtendedKalmanFilter[m[Kâ€™ defined here
[6.324s]    11 | class [01;36m[KExtendedKalmanFilter[m[K : public rclcpp::Node
[6.325s]       |       [01;36m[K^~~~~~~~~~~~~~~~~~~~[m[K
[6.325s] gmake[2]: *** [CMakeFiles/ekf_localization_component.dir/build.make:76: CMakeFiles/ekf_localization_component.dir/src/ekf_localization_component.cpp.o] Error 1
[6.325s] gmake[1]: *** [CMakeFiles/Makefile2:137: CMakeFiles/ekf_localization_component.dir/all] Error 2
[6.325s] gmake: *** [Makefile:146: all] Error 2
[6.327s] Invoked command in '/home/suke/chicken_core/build/ekf_localization' returned '2': CMAKE_PREFIX_PATH=${CMAKE_PREFIX_PATH}:/home/suke/ouxt_automation/robotx_ws/install/opencv_tests:/home/suke/ouxt_automation/robotx_ws/install/detic_onnx_ros2:/opt/ros/humble /usr/bin/cmake --build /home/suke/chicken_core/build/ekf_localization -- -j12 -l12
