[0.020s] Invoking command in '/home/suke/chicken_core/build/ekf_localization': CMAKE_PREFIX_PATH=${CMAKE_PREFIX_PATH}:/home/suke/chicken_core/install/wheelbot_control:/home/suke/chicken_core/install/sensor_bringup:/home/suke/chicken_core/install/joy_translate:/home/suke/Documents/microros_ws/install/sensor_msgs_py:/home/suke/ouxt_automation/robotx_ws/install/opencv_tests:/home/suke/ouxt_automation/robotx_ws/install/detic_onnx_ros2:/opt/ros/humble /usr/bin/cmake --build /home/suke/chicken_core/build/ekf_localization -- -j12 -l12
[0.089s] [35m[1mConsolidate compiler generated dependencies of target ekf_localization_component[0m
[0.115s] [ 50%] [32mBuilding CXX object CMakeFiles/ekf_localization_component.dir/src/ekf_localization_component.cpp.o[0m
[9.795s] [01m[K/home/suke/chicken_core/src/localization/ekf_localization/src/ekf_localization_component.cpp:[m[K In member function â€˜[01m[Kvoid ekf_localization::ExtendedKalmanFilter::imu_callback(const Imu&)[m[Kâ€™:
[9.795s] [01m[K/home/suke/chicken_core/src/localization/ekf_localization/src/ekf_localization_component.cpp:99:27:[m[K [01;31m[Kerror: [m[Kâ€˜[01m[KVector3Stamped[m[Kâ€™ is not a member of â€˜[01m[Kgeometry_msgs::msg[m[Kâ€™
[9.795s]    99 |       geometry_msgs::msg::[01;31m[KVector3Stamped[m[K acc_in, acc_out, w_in, w_out;
[9.795s]       |                           [01;31m[K^~~~~~~~~~~~~~[m[K
[9.795s] [01m[K/home/suke/chicken_core/src/localization/ekf_localization/src/ekf_localization_component.cpp:100:7:[m[K [01;31m[Kerror: [m[Kâ€˜[01m[Kacc_in[m[Kâ€™ was not declared in this scope
[9.795s]   100 |       [01;31m[Kacc_in[m[K.vector.x = msg->linear_acceleration.x;
[9.795s]       |       [01;31m[K^~~~~~[m[K
[9.795s] [01m[K/home/suke/chicken_core/src/localization/ekf_localization/src/ekf_localization_component.cpp:100:28:[m[K [01;31m[Kerror: [m[Kbase operand of â€˜[01m[K->[m[Kâ€™ has non-pointer type â€˜[01m[Kconst Imu[m[Kâ€™ {aka â€˜[01m[Kconst sensor_msgs::msg::Imu_<std::allocator<void> >[m[Kâ€™}
[9.795s]   100 |       acc_in.vector.x = msg[01;31m[K->[m[Klinear_acceleration.x;
[9.795s]       |                            [01;31m[K^~[m[K
[9.795s] [01m[K/home/suke/chicken_core/src/localization/ekf_localization/src/ekf_localization_component.cpp:101:28:[m[K [01;31m[Kerror: [m[Kbase operand of â€˜[01m[K->[m[Kâ€™ has non-pointer type â€˜[01m[Kconst Imu[m[Kâ€™ {aka â€˜[01m[Kconst sensor_msgs::msg::Imu_<std::allocator<void> >[m[Kâ€™}
[9.795s]   101 |       acc_in.vector.y = msg[01;31m[K->[m[Klinear_acceleration.y;
[9.795s]       |                            [01;31m[K^~[m[K
[9.796s] [01m[K/home/suke/chicken_core/src/localization/ekf_localization/src/ekf_localization_component.cpp:102:28:[m[K [01;31m[Kerror: [m[Kbase operand of â€˜[01m[K->[m[Kâ€™ has non-pointer type â€˜[01m[Kconst Imu[m[Kâ€™ {aka â€˜[01m[Kconst sensor_msgs::msg::Imu_<std::allocator<void> >[m[Kâ€™}
[9.796s]   102 |       acc_in.vector.z = msg[01;31m[K->[m[Klinear_acceleration.z;
[9.796s]       |                            [01;31m[K^~[m[K
[9.796s] [01m[K/home/suke/chicken_core/src/localization/ekf_localization/src/ekf_localization_component.cpp:103:7:[m[K [01;31m[Kerror: [m[Kâ€˜[01m[Kw_in[m[Kâ€™ was not declared in this scope
[9.796s]   103 |       [01;31m[Kw_in[m[K.vector.x = msg->angular_velocity.x;
[9.796s]       |       [01;31m[K^~~~[m[K
[9.796s] [01m[K/home/suke/chicken_core/src/localization/ekf_localization/src/ekf_localization_component.cpp:103:26:[m[K [01;31m[Kerror: [m[Kbase operand of â€˜[01m[K->[m[Kâ€™ has non-pointer type â€˜[01m[Kconst Imu[m[Kâ€™ {aka â€˜[01m[Kconst sensor_msgs::msg::Imu_<std::allocator<void> >[m[Kâ€™}
[9.796s]   103 |       w_in.vector.x = msg[01;31m[K->[m[Kangular_velocity.x;
[9.796s]       |                          [01;31m[K^~[m[K
[9.796s] [01m[K/home/suke/chicken_core/src/localization/ekf_localization/src/ekf_localization_component.cpp:104:26:[m[K [01;31m[Kerror: [m[Kbase operand of â€˜[01m[K->[m[Kâ€™ has non-pointer type â€˜[01m[Kconst Imu[m[Kâ€™ {aka â€˜[01m[Kconst sensor_msgs::msg::Imu_<std::allocator<void> >[m[Kâ€™}
[9.796s]   104 |       w_in.vector.y = msg[01;31m[K->[m[Kangular_velocity.y;
[9.796s]       |                          [01;31m[K^~[m[K
[9.796s] [01m[K/home/suke/chicken_core/src/localization/ekf_localization/src/ekf_localization_component.cpp:105:26:[m[K [01;31m[Kerror: [m[Kbase operand of â€˜[01m[K->[m[Kâ€™ has non-pointer type â€˜[01m[Kconst Imu[m[Kâ€™ {aka â€˜[01m[Kconst sensor_msgs::msg::Imu_<std::allocator<void> >[m[Kâ€™}
[9.796s]   105 |       w_in.vector.z = msg[01;31m[K->[m[Kangular_velocity.z;
[9.797s]       |                          [01;31m[K^~[m[K
[9.797s] [01m[K/home/suke/chicken_core/src/localization/ekf_localization/src/ekf_localization_component.cpp:106:7:[m[K [01;31m[Kerror: [m[Kâ€˜[01m[Ktf2[m[Kâ€™ has not been declared
[9.797s]   106 |       [01;31m[Ktf2[m[K::TimePoint time_point = tf2::TimePoint(
[9.797s]       |       [01;31m[K^~~[m[K
[9.797s] [01m[K/home/suke/chicken_core/src/localization/ekf_localization/src/ekf_localization_component.cpp:110:9:[m[K [01;31m[Kerror: [m[Kâ€˜[01m[Ktfbuffer_[m[Kâ€™ was not declared in this scope
[9.797s]   110 |         [01;31m[Ktfbuffer_[m[K.lookupTransform(
[9.797s]       |         [01;31m[K^~~~~~~~~[m[K
[9.797s] [01m[K/home/suke/chicken_core/src/localization/ekf_localization/src/ekf_localization_component.cpp:112:12:[m[K [01;31m[Kerror: [m[Kbase operand of â€˜[01m[K->[m[Kâ€™ has non-pointer type â€˜[01m[Kconst Imu[m[Kâ€™ {aka â€˜[01m[Kconst sensor_msgs::msg::Imu_<std::allocator<void> >[m[Kâ€™}
[9.797s]   112 |         msg[01;31m[K->[m[Kheader.frame_id,
[9.797s]       |            [01;31m[K^~[m[K
[9.797s] [01m[K/home/suke/chicken_core/src/localization/ekf_localization/src/ekf_localization_component.cpp:113:9:[m[K [01;31m[Kerror: [m[Kâ€˜[01m[Ktime_point[m[Kâ€™ was not declared in this scope; did you mean â€˜[01m[Kstd::chrono::time_point[m[Kâ€™?
[9.797s]   113 |         [01;31m[Ktime_point[m[K);
[9.797s]       |         [01;31m[K^~~~~~~~~~[m[K
[9.797s]       |         [32m[Kstd::chrono::time_point[m[K
[9.797s] In file included from [01m[K/usr/include/c++/11/mutex:39[m[K,
[9.797s]                  from [01m[K/usr/include/c++/11/future:38[m[K,
[9.798s]                  from [01m[K/opt/ros/humble/include/rclcpp/rclcpp/executors.hpp:18[m[K,
[9.798s]                  from [01m[K/opt/ros/humble/include/rclcpp/rclcpp/rclcpp.hpp:155[m[K,
[9.798s]                  from [01m[K/home/suke/chicken_core/src/localization/ekf_localization/src/ekf_localization_component.cpp:3[m[K:
[9.798s] [01m[K/usr/include/c++/11/chrono:81:14:[m[K [01;36m[Knote: [m[Kâ€˜[01m[Kstd::chrono::time_point[m[Kâ€™ declared here
[9.798s]    81 |       struct [01;36m[Ktime_point[m[K;
[9.798s]       |              [01;36m[K^~~~~~~~~~[m[K
[9.798s] [01m[K/home/suke/chicken_core/src/localization/ekf_localization/src/ekf_localization_component.cpp:114:7:[m[K [01;31m[Kerror: [m[Kâ€˜[01m[Ktf2[m[Kâ€™ has not been declared
[9.798s]   114 |       [01;31m[Ktf2[m[K::doTransform(acc_in, acc_out, transform);
[9.798s]       |       [01;31m[K^~~[m[K
[9.798s] [01m[K/home/suke/chicken_core/src/localization/ekf_localization/src/ekf_localization_component.cpp:114:32:[m[K [01;31m[Kerror: [m[Kâ€˜[01m[Kacc_out[m[Kâ€™ was not declared in this scope; did you mean â€˜[01m[Kacct[m[Kâ€™?
[9.798s]   114 |       tf2::doTransform(acc_in, [01;31m[Kacc_out[m[K, transform);
[9.799s]       |                                [01;31m[K^~~~~~~[m[K
[9.799s]       |                                [32m[Kacct[m[K
[9.799s] [01m[K/home/suke/chicken_core/src/localization/ekf_localization/src/ekf_localization_component.cpp:115:7:[m[K [01;31m[Kerror: [m[Kâ€˜[01m[Ktf2[m[Kâ€™ has not been declared
[9.799s]   115 |       [01;31m[Ktf2[m[K::doTransform(w_in, w_out, transform);
[9.799s]       |       [01;31m[K^~~[m[K
[9.799s] [01m[K/home/suke/chicken_core/src/localization/ekf_localization/src/ekf_localization_component.cpp:115:30:[m[K [01;31m[Kerror: [m[Kâ€˜[01m[Kw_out[m[Kâ€™ was not declared in this scope
[9.799s]   115 |       tf2::doTransform(w_in, [01;31m[Kw_out[m[K, transform);
[9.799s]       |                              [01;31m[K^~~~~[m[K
[9.800s] gmake[2]: *** [CMakeFiles/ekf_localization_component.dir/build.make:76: CMakeFiles/ekf_localization_component.dir/src/ekf_localization_component.cpp.o] Error 1
[9.800s] gmake[1]: *** [CMakeFiles/Makefile2:137: CMakeFiles/ekf_localization_component.dir/all] Error 2
[9.800s] gmake: *** [Makefile:146: all] Error 2
[9.800s] Invoked command in '/home/suke/chicken_core/build/ekf_localization' returned '2': CMAKE_PREFIX_PATH=${CMAKE_PREFIX_PATH}:/home/suke/chicken_core/install/wheelbot_control:/home/suke/chicken_core/install/sensor_bringup:/home/suke/chicken_core/install/joy_translate:/home/suke/Documents/microros_ws/install/sensor_msgs_py:/home/suke/ouxt_automation/robotx_ws/install/opencv_tests:/home/suke/ouxt_automation/robotx_ws/install/detic_onnx_ros2:/opt/ros/humble /usr/bin/cmake --build /home/suke/chicken_core/build/ekf_localization -- -j12 -l12
